The system is: Linux - 2.6.32-642.el6.x86_64 - x86_64
Compiling the C compiler identification source file "CMakeCCompilerId.c" succeeded.
Compiler: /usr/bin/cc 
Build flags: 
Id flags: 

The output was:
0


Compilation of the C compiler identification source "CMakeCCompilerId.c" produced "a.out"

The C compiler identification is GNU, found in "/opt/rabbitmq-c-0.8.0/CMakeFiles/2.8.12.2/CompilerIdC/a.out"

Determining if the C compiler works passed with the following output:
Change Dir: /opt/rabbitmq-c-0.8.0/CMakeFiles/CMakeTmp

Run Build Command:/usr/bin/gmake "cmTryCompileExec1438204559/fast"
/usr/bin/gmake -f CMakeFiles/cmTryCompileExec1438204559.dir/build.make CMakeFiles/cmTryCompileExec1438204559.dir/build
gmake[1]: Entering directory `/opt/rabbitmq-c-0.8.0/CMakeFiles/CMakeTmp'
/usr/bin/cmake -E cmake_progress_report /opt/rabbitmq-c-0.8.0/CMakeFiles/CMakeTmp/CMakeFiles 1
Building C object CMakeFiles/cmTryCompileExec1438204559.dir/testCCompiler.c.o
/usr/bin/cc    -o CMakeFiles/cmTryCompileExec1438204559.dir/testCCompiler.c.o   -c /opt/rabbitmq-c-0.8.0/CMakeFiles/CMakeTmp/testCCompiler.c
Linking C executable cmTryCompileExec1438204559
/usr/bin/cmake -E cmake_link_script CMakeFiles/cmTryCompileExec1438204559.dir/link.txt --verbose=1
/usr/bin/cc       CMakeFiles/cmTryCompileExec1438204559.dir/testCCompiler.c.o  -o cmTryCompileExec1438204559 -rdynamic 
gmake[1]: Leaving directory `/opt/rabbitmq-c-0.8.0/CMakeFiles/CMakeTmp'


Detecting C compiler ABI info compiled with the following output:
Change Dir: /opt/rabbitmq-c-0.8.0/CMakeFiles/CMakeTmp

Run Build Command:/usr/bin/gmake "cmTryCompileExec3617675561/fast"
/usr/bin/gmake -f CMakeFiles/cmTryCompileExec3617675561.dir/build.make CMakeFiles/cmTryCompileExec3617675561.dir/build
gmake[1]: Entering directory `/opt/rabbitmq-c-0.8.0/CMakeFiles/CMakeTmp'
/usr/bin/cmake -E cmake_progress_report /opt/rabbitmq-c-0.8.0/CMakeFiles/CMakeTmp/CMakeFiles 1
Building C object CMakeFiles/cmTryCompileExec3617675561.dir/CMakeCCompilerABI.c.o
/usr/bin/cc    -o CMakeFiles/cmTryCompileExec3617675561.dir/CMakeCCompilerABI.c.o   -c /usr/share/cmake/Modules/CMakeCCompilerABI.c
Linking C executable cmTryCompileExec3617675561
/usr/bin/cmake -E cmake_link_script CMakeFiles/cmTryCompileExec3617675561.dir/link.txt --verbose=1
/usr/bin/cc     -v CMakeFiles/cmTryCompileExec3617675561.dir/CMakeCCompilerABI.c.o  -o cmTryCompileExec3617675561 -rdynamic  
Using built-in specs.
Target: x86_64-redhat-linux
Configured with: ../configure --prefix=/usr --mandir=/usr/share/man --infodir=/usr/share/info --with-bugurl=http://bugzilla.redhat.com/bugzilla --enable-bootstrap --enable-shared --enable-threads=posix --enable-checking=release --with-system-zlib --enable-__cxa_atexit --disable-libunwind-exceptions --enable-gnu-unique-object --enable-languages=c,c++,objc,obj-c++,java,fortran,ada --enable-java-awt=gtk --disable-dssi --with-java-home=/usr/lib/jvm/java-1.5.0-gcj-1.5.0.0/jre --enable-libgcj-multifile --enable-java-maintainer-mode --with-ecj-jar=/usr/share/java/eclipse-ecj.jar --disable-libjava-multilib --with-ppl --with-cloog --with-tune=generic --with-arch_32=i686 --build=x86_64-redhat-linux
Thread model: posix
gcc version 4.4.7 20120313 (Red Hat 4.4.7-17) (GCC) 
COMPILER_PATH=/usr/libexec/gcc/x86_64-redhat-linux/4.4.7/:/usr/libexec/gcc/x86_64-redhat-linux/4.4.7/:/usr/libexec/gcc/x86_64-redhat-linux/:/usr/lib/gcc/x86_64-redhat-linux/4.4.7/:/usr/lib/gcc/x86_64-redhat-linux/:/usr/libexec/gcc/x86_64-redhat-linux/4.4.7/:/usr/libexec/gcc/x86_64-redhat-linux/:/usr/lib/gcc/x86_64-redhat-linux/4.4.7/:/usr/lib/gcc/x86_64-redhat-linux/
LIBRARY_PATH=/usr/lib/gcc/x86_64-redhat-linux/4.4.7/:/usr/lib/gcc/x86_64-redhat-linux/4.4.7/:/usr/lib/gcc/x86_64-redhat-linux/4.4.7/../../../../lib64/:/lib/../lib64/:/usr/lib/../lib64/:/usr/lib/gcc/x86_64-redhat-linux/4.4.7/../../../:/lib/:/usr/lib/
COLLECT_GCC_OPTIONS='-v' '-o' 'cmTryCompileExec3617675561' '-rdynamic' '-mtune=generic'
 /usr/libexec/gcc/x86_64-redhat-linux/4.4.7/collect2 --eh-frame-hdr --build-id -m elf_x86_64 --hash-style=gnu -export-dynamic -dynamic-linker /lib64/ld-linux-x86-64.so.2 -o cmTryCompileExec3617675561 /usr/lib/gcc/x86_64-redhat-linux/4.4.7/../../../../lib64/crt1.o /usr/lib/gcc/x86_64-redhat-linux/4.4.7/../../../../lib64/crti.o /usr/lib/gcc/x86_64-redhat-linux/4.4.7/crtbegin.o -L/usr/lib/gcc/x86_64-redhat-linux/4.4.7 -L/usr/lib/gcc/x86_64-redhat-linux/4.4.7 -L/usr/lib/gcc/x86_64-redhat-linux/4.4.7/../../../../lib64 -L/lib/../lib64 -L/usr/lib/../lib64 -L/usr/lib/gcc/x86_64-redhat-linux/4.4.7/../../.. CMakeFiles/cmTryCompileExec3617675561.dir/CMakeCCompilerABI.c.o -lgcc --as-needed -lgcc_s --no-as-needed -lc -lgcc --as-needed -lgcc_s --no-as-needed /usr/lib/gcc/x86_64-redhat-linux/4.4.7/crtend.o /usr/lib/gcc/x86_64-redhat-linux/4.4.7/../../../../lib64/crtn.o
gmake[1]: Leaving directory `/opt/rabbitmq-c-0.8.0/CMakeFiles/CMakeTmp'


Parsed C implicit link information from above output:
  link line regex: [^( *|.*[/\])(ld|([^/\]+-)?ld|collect2)[^/\]*( |$)]
  ignore line: [Change Dir: /opt/rabbitmq-c-0.8.0/CMakeFiles/CMakeTmp]
  ignore line: []
  ignore line: [Run Build Command:/usr/bin/gmake "cmTryCompileExec3617675561/fast"]
  ignore line: [/usr/bin/gmake -f CMakeFiles/cmTryCompileExec3617675561.dir/build.make CMakeFiles/cmTryCompileExec3617675561.dir/build]
  ignore line: [gmake[1]: Entering directory `/opt/rabbitmq-c-0.8.0/CMakeFiles/CMakeTmp']
  ignore line: [/usr/bin/cmake -E cmake_progress_report /opt/rabbitmq-c-0.8.0/CMakeFiles/CMakeTmp/CMakeFiles 1]
  ignore line: [Building C object CMakeFiles/cmTryCompileExec3617675561.dir/CMakeCCompilerABI.c.o]
  ignore line: [/usr/bin/cc    -o CMakeFiles/cmTryCompileExec3617675561.dir/CMakeCCompilerABI.c.o   -c /usr/share/cmake/Modules/CMakeCCompilerABI.c]
  ignore line: [Linking C executable cmTryCompileExec3617675561]
  ignore line: [/usr/bin/cmake -E cmake_link_script CMakeFiles/cmTryCompileExec3617675561.dir/link.txt --verbose=1]
  ignore line: [/usr/bin/cc     -v CMakeFiles/cmTryCompileExec3617675561.dir/CMakeCCompilerABI.c.o  -o cmTryCompileExec3617675561 -rdynamic  ]
  ignore line: [Using built-in specs.]
  ignore line: [Target: x86_64-redhat-linux]
  ignore line: [Configured with: ../configure --prefix=/usr --mandir=/usr/share/man --infodir=/usr/share/info --with-bugurl=http://bugzilla.redhat.com/bugzilla --enable-bootstrap --enable-shared --enable-threads=posix --enable-checking=release --with-system-zlib --enable-__cxa_atexit --disable-libunwind-exceptions --enable-gnu-unique-object --enable-languages=c,c++,objc,obj-c++,java,fortran,ada --enable-java-awt=gtk --disable-dssi --with-java-home=/usr/lib/jvm/java-1.5.0-gcj-1.5.0.0/jre --enable-libgcj-multifile --enable-java-maintainer-mode --with-ecj-jar=/usr/share/java/eclipse-ecj.jar --disable-libjava-multilib --with-ppl --with-cloog --with-tune=generic --with-arch_32=i686 --build=x86_64-redhat-linux]
  ignore line: [Thread model: posix]
  ignore line: [gcc version 4.4.7 20120313 (Red Hat 4.4.7-17) (GCC) ]
  ignore line: [COMPILER_PATH=/usr/libexec/gcc/x86_64-redhat-linux/4.4.7/:/usr/libexec/gcc/x86_64-redhat-linux/4.4.7/:/usr/libexec/gcc/x86_64-redhat-linux/:/usr/lib/gcc/x86_64-redhat-linux/4.4.7/:/usr/lib/gcc/x86_64-redhat-linux/:/usr/libexec/gcc/x86_64-redhat-linux/4.4.7/:/usr/libexec/gcc/x86_64-redhat-linux/:/usr/lib/gcc/x86_64-redhat-linux/4.4.7/:/usr/lib/gcc/x86_64-redhat-linux/]
  ignore line: [LIBRARY_PATH=/usr/lib/gcc/x86_64-redhat-linux/4.4.7/:/usr/lib/gcc/x86_64-redhat-linux/4.4.7/:/usr/lib/gcc/x86_64-redhat-linux/4.4.7/../../../../lib64/:/lib/../lib64/:/usr/lib/../lib64/:/usr/lib/gcc/x86_64-redhat-linux/4.4.7/../../../:/lib/:/usr/lib/]
  ignore line: [COLLECT_GCC_OPTIONS='-v' '-o' 'cmTryCompileExec3617675561' '-rdynamic' '-mtune=generic']
  link line: [ /usr/libexec/gcc/x86_64-redhat-linux/4.4.7/collect2 --eh-frame-hdr --build-id -m elf_x86_64 --hash-style=gnu -export-dynamic -dynamic-linker /lib64/ld-linux-x86-64.so.2 -o cmTryCompileExec3617675561 /usr/lib/gcc/x86_64-redhat-linux/4.4.7/../../../../lib64/crt1.o /usr/lib/gcc/x86_64-redhat-linux/4.4.7/../../../../lib64/crti.o /usr/lib/gcc/x86_64-redhat-linux/4.4.7/crtbegin.o -L/usr/lib/gcc/x86_64-redhat-linux/4.4.7 -L/usr/lib/gcc/x86_64-redhat-linux/4.4.7 -L/usr/lib/gcc/x86_64-redhat-linux/4.4.7/../../../../lib64 -L/lib/../lib64 -L/usr/lib/../lib64 -L/usr/lib/gcc/x86_64-redhat-linux/4.4.7/../../.. CMakeFiles/cmTryCompileExec3617675561.dir/CMakeCCompilerABI.c.o -lgcc --as-needed -lgcc_s --no-as-needed -lc -lgcc --as-needed -lgcc_s --no-as-needed /usr/lib/gcc/x86_64-redhat-linux/4.4.7/crtend.o /usr/lib/gcc/x86_64-redhat-linux/4.4.7/../../../../lib64/crtn.o]
    arg [/usr/libexec/gcc/x86_64-redhat-linux/4.4.7/collect2] ==> ignore
    arg [--eh-frame-hdr] ==> ignore
    arg [--build-id] ==> ignore
    arg [-m] ==> ignore
    arg [elf_x86_64] ==> ignore
    arg [--hash-style=gnu] ==> ignore
    arg [-export-dynamic] ==> ignore
    arg [-dynamic-linker] ==> ignore
    arg [/lib64/ld-linux-x86-64.so.2] ==> ignore
    arg [-o] ==> ignore
    arg [cmTryCompileExec3617675561] ==> ignore
    arg [/usr/lib/gcc/x86_64-redhat-linux/4.4.7/../../../../lib64/crt1.o] ==> ignore
    arg [/usr/lib/gcc/x86_64-redhat-linux/4.4.7/../../../../lib64/crti.o] ==> ignore
    arg [/usr/lib/gcc/x86_64-redhat-linux/4.4.7/crtbegin.o] ==> ignore
    arg [-L/usr/lib/gcc/x86_64-redhat-linux/4.4.7] ==> dir [/usr/lib/gcc/x86_64-redhat-linux/4.4.7]
    arg [-L/usr/lib/gcc/x86_64-redhat-linux/4.4.7] ==> dir [/usr/lib/gcc/x86_64-redhat-linux/4.4.7]
    arg [-L/usr/lib/gcc/x86_64-redhat-linux/4.4.7/../../../../lib64] ==> dir [/usr/lib/gcc/x86_64-redhat-linux/4.4.7/../../../../lib64]
    arg [-L/lib/../lib64] ==> dir [/lib/../lib64]
    arg [-L/usr/lib/../lib64] ==> dir [/usr/lib/../lib64]
    arg [-L/usr/lib/gcc/x86_64-redhat-linux/4.4.7/../../..] ==> dir [/usr/lib/gcc/x86_64-redhat-linux/4.4.7/../../..]
    arg [CMakeFiles/cmTryCompileExec3617675561.dir/CMakeCCompilerABI.c.o] ==> ignore
    arg [-lgcc] ==> lib [gcc]
    arg [--as-needed] ==> ignore
    arg [-lgcc_s] ==> lib [gcc_s]
    arg [--no-as-needed] ==> ignore
    arg [-lc] ==> lib [c]
    arg [-lgcc] ==> lib [gcc]
    arg [--as-needed] ==> ignore
    arg [-lgcc_s] ==> lib [gcc_s]
    arg [--no-as-needed] ==> ignore
    arg [/usr/lib/gcc/x86_64-redhat-linux/4.4.7/crtend.o] ==> ignore
    arg [/usr/lib/gcc/x86_64-redhat-linux/4.4.7/../../../../lib64/crtn.o] ==> ignore
  remove lib [gcc]
  remove lib [gcc_s]
  remove lib [gcc]
  remove lib [gcc_s]
  collapse library dir [/usr/lib/gcc/x86_64-redhat-linux/4.4.7] ==> [/usr/lib/gcc/x86_64-redhat-linux/4.4.7]
  collapse library dir [/usr/lib/gcc/x86_64-redhat-linux/4.4.7] ==> [/usr/lib/gcc/x86_64-redhat-linux/4.4.7]
  collapse library dir [/usr/lib/gcc/x86_64-redhat-linux/4.4.7/../../../../lib64] ==> [/usr/lib64]
  collapse library dir [/lib/../lib64] ==> [/lib64]
  collapse library dir [/usr/lib/../lib64] ==> [/usr/lib64]
  collapse library dir [/usr/lib/gcc/x86_64-redhat-linux/4.4.7/../../..] ==> [/usr/lib]
  implicit libs: [c]
  implicit dirs: [/usr/lib/gcc/x86_64-redhat-linux/4.4.7;/usr/lib64;/lib64;/usr/lib]
  implicit fwks: []


Determining if the getaddrinfo exist passed with the following output:
Change Dir: /opt/rabbitmq-c-0.8.0/CMakeFiles/CMakeTmp

Run Build Command:/usr/bin/gmake "cmTryCompileExec1018843724/fast"
/usr/bin/gmake -f CMakeFiles/cmTryCompileExec1018843724.dir/build.make CMakeFiles/cmTryCompileExec1018843724.dir/build
gmake[1]: Entering directory `/opt/rabbitmq-c-0.8.0/CMakeFiles/CMakeTmp'
/usr/bin/cmake -E cmake_progress_report /opt/rabbitmq-c-0.8.0/CMakeFiles/CMakeTmp/CMakeFiles 1
Building C object CMakeFiles/cmTryCompileExec1018843724.dir/CheckSymbolExists.c.o
/usr/bin/cc    -o CMakeFiles/cmTryCompileExec1018843724.dir/CheckSymbolExists.c.o   -c /opt/rabbitmq-c-0.8.0/CMakeFiles/CMakeTmp/CheckSymbolExists.c
Linking C executable cmTryCompileExec1018843724
/usr/bin/cmake -E cmake_link_script CMakeFiles/cmTryCompileExec1018843724.dir/link.txt --verbose=1
/usr/bin/cc       CMakeFiles/cmTryCompileExec1018843724.dir/CheckSymbolExists.c.o  -o cmTryCompileExec1018843724 -rdynamic 
gmake[1]: Leaving directory `/opt/rabbitmq-c-0.8.0/CMakeFiles/CMakeTmp'

File /opt/rabbitmq-c-0.8.0/CMakeFiles/CMakeTmp/CheckSymbolExists.c:
/* */
#include <sys/types.h>
#include <sys/socket.h>
#include <netdb.h>

int main(int argc, char** argv)
{
  (void)argv;
#ifndef getaddrinfo
  return ((int*)(&getaddrinfo))[argc];
#else
  (void)argc;
  return 0;
#endif
}

Determining if the socket exist passed with the following output:
Change Dir: /opt/rabbitmq-c-0.8.0/CMakeFiles/CMakeTmp

Run Build Command:/usr/bin/gmake "cmTryCompileExec3876630041/fast"
/usr/bin/gmake -f CMakeFiles/cmTryCompileExec3876630041.dir/build.make CMakeFiles/cmTryCompileExec3876630041.dir/build
gmake[1]: Entering directory `/opt/rabbitmq-c-0.8.0/CMakeFiles/CMakeTmp'
/usr/bin/cmake -E cmake_progress_report /opt/rabbitmq-c-0.8.0/CMakeFiles/CMakeTmp/CMakeFiles 1
Building C object CMakeFiles/cmTryCompileExec3876630041.dir/CheckSymbolExists.c.o
/usr/bin/cc    -o CMakeFiles/cmTryCompileExec3876630041.dir/CheckSymbolExists.c.o   -c /opt/rabbitmq-c-0.8.0/CMakeFiles/CMakeTmp/CheckSymbolExists.c
Linking C executable cmTryCompileExec3876630041
/usr/bin/cmake -E cmake_link_script CMakeFiles/cmTryCompileExec3876630041.dir/link.txt --verbose=1
/usr/bin/cc       CMakeFiles/cmTryCompileExec3876630041.dir/CheckSymbolExists.c.o  -o cmTryCompileExec3876630041 -rdynamic 
gmake[1]: Leaving directory `/opt/rabbitmq-c-0.8.0/CMakeFiles/CMakeTmp'

File /opt/rabbitmq-c-0.8.0/CMakeFiles/CMakeTmp/CheckSymbolExists.c:
/* */
#include <sys/types.h>
#include <sys/socket.h>

int main(int argc, char** argv)
{
  (void)argv;
#ifndef socket
  return ((int*)(&socket))[argc];
#else
  (void)argc;
  return 0;
#endif
}

Determining if the poll exist passed with the following output:
Change Dir: /opt/rabbitmq-c-0.8.0/CMakeFiles/CMakeTmp

Run Build Command:/usr/bin/gmake "cmTryCompileExec1299995066/fast"
/usr/bin/gmake -f CMakeFiles/cmTryCompileExec1299995066.dir/build.make CMakeFiles/cmTryCompileExec1299995066.dir/build
gmake[1]: Entering directory `/opt/rabbitmq-c-0.8.0/CMakeFiles/CMakeTmp'
/usr/bin/cmake -E cmake_progress_report /opt/rabbitmq-c-0.8.0/CMakeFiles/CMakeTmp/CMakeFiles 1
Building C object CMakeFiles/cmTryCompileExec1299995066.dir/CheckSymbolExists.c.o
/usr/bin/cc    -o CMakeFiles/cmTryCompileExec1299995066.dir/CheckSymbolExists.c.o   -c /opt/rabbitmq-c-0.8.0/CMakeFiles/CMakeTmp/CheckSymbolExists.c
Linking C executable cmTryCompileExec1299995066
/usr/bin/cmake -E cmake_link_script CMakeFiles/cmTryCompileExec1299995066.dir/link.txt --verbose=1
/usr/bin/cc       CMakeFiles/cmTryCompileExec1299995066.dir/CheckSymbolExists.c.o  -o cmTryCompileExec1299995066 -rdynamic 
gmake[1]: Leaving directory `/opt/rabbitmq-c-0.8.0/CMakeFiles/CMakeTmp'

File /opt/rabbitmq-c-0.8.0/CMakeFiles/CMakeTmp/CheckSymbolExists.c:
/* */
#include <poll.h>

int main(int argc, char** argv)
{
  (void)argv;
#ifndef poll
  return ((int*)(&poll))[argc];
#else
  (void)argc;
  return 0;
#endif
}

Determining if the function clock_gettime exists in the rt passed with the following output:
Change Dir: /opt/rabbitmq-c-0.8.0/CMakeFiles/CMakeTmp

Run Build Command:/usr/bin/gmake "cmTryCompileExec793316740/fast"
/usr/bin/gmake -f CMakeFiles/cmTryCompileExec793316740.dir/build.make CMakeFiles/cmTryCompileExec793316740.dir/build
gmake[1]: Entering directory `/opt/rabbitmq-c-0.8.0/CMakeFiles/CMakeTmp'
/usr/bin/cmake -E cmake_progress_report /opt/rabbitmq-c-0.8.0/CMakeFiles/CMakeTmp/CMakeFiles 1
Building C object CMakeFiles/cmTryCompileExec793316740.dir/CheckFunctionExists.c.o
/usr/bin/cc   -DCHECK_FUNCTION_EXISTS=clock_gettime   -o CMakeFiles/cmTryCompileExec793316740.dir/CheckFunctionExists.c.o   -c /usr/share/cmake/Modules/CheckFunctionExists.c
Linking C executable cmTryCompileExec793316740
/usr/bin/cmake -E cmake_link_script CMakeFiles/cmTryCompileExec793316740.dir/link.txt --verbose=1
/usr/bin/cc   -DCHECK_FUNCTION_EXISTS=clock_gettime    CMakeFiles/cmTryCompileExec793316740.dir/CheckFunctionExists.c.o  -o cmTryCompileExec793316740  -L/opt/rabbitmq-c-0.8.0/CMakeFiles/CMakeTmp/time.h -rdynamic -lrt -Wl,-rpath,/opt/rabbitmq-c-0.8.0/CMakeFiles/CMakeTmp/time.h 
gmake[1]: Leaving directory `/opt/rabbitmq-c-0.8.0/CMakeFiles/CMakeTmp'


Determining if the function posix_spawnp exists in the rt passed with the following output:
Change Dir: /opt/rabbitmq-c-0.8.0/CMakeFiles/CMakeTmp

Run Build Command:/usr/bin/gmake "cmTryCompileExec2835845384/fast"
/usr/bin/gmake -f CMakeFiles/cmTryCompileExec2835845384.dir/build.make CMakeFiles/cmTryCompileExec2835845384.dir/build
gmake[1]: Entering directory `/opt/rabbitmq-c-0.8.0/CMakeFiles/CMakeTmp'
/usr/bin/cmake -E cmake_progress_report /opt/rabbitmq-c-0.8.0/CMakeFiles/CMakeTmp/CMakeFiles 1
Building C object CMakeFiles/cmTryCompileExec2835845384.dir/CheckFunctionExists.c.o
/usr/bin/cc   -DCHECK_FUNCTION_EXISTS=posix_spawnp   -o CMakeFiles/cmTryCompileExec2835845384.dir/CheckFunctionExists.c.o   -c /usr/share/cmake/Modules/CheckFunctionExists.c
Linking C executable cmTryCompileExec2835845384
/usr/bin/cmake -E cmake_link_script CMakeFiles/cmTryCompileExec2835845384.dir/link.txt --verbose=1
/usr/bin/cc   -DCHECK_FUNCTION_EXISTS=posix_spawnp    CMakeFiles/cmTryCompileExec2835845384.dir/CheckFunctionExists.c.o  -o cmTryCompileExec2835845384  -L/opt/rabbitmq-c-0.8.0/CMakeFiles/CMakeTmp/spawn.h -rdynamic -lrt -Wl,-rpath,/opt/rabbitmq-c-0.8.0/CMakeFiles/CMakeTmp/spawn.h 
gmake[1]: Leaving directory `/opt/rabbitmq-c-0.8.0/CMakeFiles/CMakeTmp'


Determining if files pthread.h exist passed with the following output:
Change Dir: /opt/rabbitmq-c-0.8.0/CMakeFiles/CMakeTmp

Run Build Command:/usr/bin/gmake "cmTryCompileExec3306729695/fast"
/usr/bin/gmake -f CMakeFiles/cmTryCompileExec3306729695.dir/build.make CMakeFiles/cmTryCompileExec3306729695.dir/build
gmake[1]: Entering directory `/opt/rabbitmq-c-0.8.0/CMakeFiles/CMakeTmp'
/usr/bin/cmake -E cmake_progress_report /opt/rabbitmq-c-0.8.0/CMakeFiles/CMakeTmp/CMakeFiles 1
Building C object CMakeFiles/cmTryCompileExec3306729695.dir/CheckIncludeFiles.c.o
/usr/bin/cc   -Wall -Wextra -Wstrict-prototypes -Wno-unused-function -fno-common -fvisibility=hidden     -o CMakeFiles/cmTryCompileExec3306729695.dir/CheckIncludeFiles.c.o   -c /opt/rabbitmq-c-0.8.0/CMakeFiles/CMakeTmp/CheckIncludeFiles.c
/opt/rabbitmq-c-0.8.0/CMakeFiles/CMakeTmp/CheckIncludeFiles.c:5: warning: function declaration isn’t a prototype
Linking C executable cmTryCompileExec3306729695
/usr/bin/cmake -E cmake_link_script CMakeFiles/cmTryCompileExec3306729695.dir/link.txt --verbose=1
/usr/bin/cc  -Wall -Wextra -Wstrict-prototypes -Wno-unused-function -fno-common -fvisibility=hidden      CMakeFiles/cmTryCompileExec3306729695.dir/CheckIncludeFiles.c.o  -o cmTryCompileExec3306729695 -rdynamic 
gmake[1]: Leaving directory `/opt/rabbitmq-c-0.8.0/CMakeFiles/CMakeTmp'


Determining if the function pthread_create exists in the pthread passed with the following output:
Change Dir: /opt/rabbitmq-c-0.8.0/CMakeFiles/CMakeTmp

Run Build Command:/usr/bin/gmake "cmTryCompileExec227797514/fast"
/usr/bin/gmake -f CMakeFiles/cmTryCompileExec227797514.dir/build.make CMakeFiles/cmTryCompileExec227797514.dir/build
gmake[1]: Entering directory `/opt/rabbitmq-c-0.8.0/CMakeFiles/CMakeTmp'
/usr/bin/cmake -E cmake_progress_report /opt/rabbitmq-c-0.8.0/CMakeFiles/CMakeTmp/CMakeFiles 1
Building C object CMakeFiles/cmTryCompileExec227797514.dir/CheckFunctionExists.c.o
/usr/bin/cc   -Wall -Wextra -Wstrict-prototypes -Wno-unused-function -fno-common -fvisibility=hidden  -DCHECK_FUNCTION_EXISTS=pthread_create   -o CMakeFiles/cmTryCompileExec227797514.dir/CheckFunctionExists.c.o   -c /usr/share/cmake/Modules/CheckFunctionExists.c
/usr/share/cmake/Modules/CheckFunctionExists.c:3: warning: function declaration isn’t a prototype
Linking C executable cmTryCompileExec227797514
/usr/bin/cmake -E cmake_link_script CMakeFiles/cmTryCompileExec227797514.dir/link.txt --verbose=1
/usr/bin/cc  -Wall -Wextra -Wstrict-prototypes -Wno-unused-function -fno-common -fvisibility=hidden  -DCHECK_FUNCTION_EXISTS=pthread_create    CMakeFiles/cmTryCompileExec227797514.dir/CheckFunctionExists.c.o  -o cmTryCompileExec227797514 -rdynamic -lpthread 
gmake[1]: Leaving directory `/opt/rabbitmq-c-0.8.0/CMakeFiles/CMakeTmp'


Determining if the getaddrinfo exist passed with the following output:
Change Dir: /opt/rabbitmq-c-0.8.0/CMakeFiles/CMakeTmp

Run Build Command:/usr/bin/gmake "cmTryCompileExec3974823581/fast"
gmake[1]: Entering directory `/opt/rabbitmq-c-0.8.0/CMakeFiles/CMakeTmp'
/usr/bin/gmake -f CMakeFiles/cmTryCompileExec3974823581.dir/build.make CMakeFiles/cmTryCompileExec3974823581.dir/build
gmake[2]: Entering directory `/opt/rabbitmq-c-0.8.0/CMakeFiles/CMakeTmp'
/usr/bin/cmake -E cmake_progress_report /opt/rabbitmq-c-0.8.0/CMakeFiles/CMakeTmp/CMakeFiles 1
Building C object CMakeFiles/cmTryCompileExec3974823581.dir/CheckSymbolExists.c.o
/usr/bin/cc    -o CMakeFiles/cmTryCompileExec3974823581.dir/CheckSymbolExists.c.o   -c /opt/rabbitmq-c-0.8.0/CMakeFiles/CMakeTmp/CheckSymbolExists.c
Linking C executable cmTryCompileExec3974823581
/usr/bin/cmake -E cmake_link_script CMakeFiles/cmTryCompileExec3974823581.dir/link.txt --verbose=1
/usr/bin/cc       CMakeFiles/cmTryCompileExec3974823581.dir/CheckSymbolExists.c.o  -o cmTryCompileExec3974823581 -rdynamic 
gmake[2]: Leaving directory `/opt/rabbitmq-c-0.8.0/CMakeFiles/CMakeTmp'
gmake[1]: Leaving directory `/opt/rabbitmq-c-0.8.0/CMakeFiles/CMakeTmp'

File /opt/rabbitmq-c-0.8.0/CMakeFiles/CMakeTmp/CheckSymbolExists.c:
/* */
#include <sys/types.h>
#include <sys/socket.h>
#include <netdb.h>

int main(int argc, char** argv)
{
  (void)argv;
#ifndef getaddrinfo
  return ((int*)(&getaddrinfo))[argc];
#else
  (void)argc;
  return 0;
#endif
}

Determining if the socket exist passed with the following output:
Change Dir: /opt/rabbitmq-c-0.8.0/CMakeFiles/CMakeTmp

Run Build Command:/usr/bin/gmake "cmTryCompileExec4102280408/fast"
gmake[1]: Entering directory `/opt/rabbitmq-c-0.8.0/CMakeFiles/CMakeTmp'
/usr/bin/gmake -f CMakeFiles/cmTryCompileExec4102280408.dir/build.make CMakeFiles/cmTryCompileExec4102280408.dir/build
gmake[2]: Entering directory `/opt/rabbitmq-c-0.8.0/CMakeFiles/CMakeTmp'
/usr/bin/cmake -E cmake_progress_report /opt/rabbitmq-c-0.8.0/CMakeFiles/CMakeTmp/CMakeFiles 1
Building C object CMakeFiles/cmTryCompileExec4102280408.dir/CheckSymbolExists.c.o
/usr/bin/cc    -o CMakeFiles/cmTryCompileExec4102280408.dir/CheckSymbolExists.c.o   -c /opt/rabbitmq-c-0.8.0/CMakeFiles/CMakeTmp/CheckSymbolExists.c
Linking C executable cmTryCompileExec4102280408
/usr/bin/cmake -E cmake_link_script CMakeFiles/cmTryCompileExec4102280408.dir/link.txt --verbose=1
/usr/bin/cc       CMakeFiles/cmTryCompileExec4102280408.dir/CheckSymbolExists.c.o  -o cmTryCompileExec4102280408 -rdynamic 
gmake[2]: Leaving directory `/opt/rabbitmq-c-0.8.0/CMakeFiles/CMakeTmp'
gmake[1]: Leaving directory `/opt/rabbitmq-c-0.8.0/CMakeFiles/CMakeTmp'

File /opt/rabbitmq-c-0.8.0/CMakeFiles/CMakeTmp/CheckSymbolExists.c:
/* */
#include <sys/types.h>
#include <sys/socket.h>

int main(int argc, char** argv)
{
  (void)argv;
#ifndef socket
  return ((int*)(&socket))[argc];
#else
  (void)argc;
  return 0;
#endif
}

Determining if the poll exist passed with the following output:
Change Dir: /opt/rabbitmq-c-0.8.0/CMakeFiles/CMakeTmp

Run Build Command:/usr/bin/gmake "cmTryCompileExec1546404927/fast"
gmake[1]: Entering directory `/opt/rabbitmq-c-0.8.0/CMakeFiles/CMakeTmp'
/usr/bin/gmake -f CMakeFiles/cmTryCompileExec1546404927.dir/build.make CMakeFiles/cmTryCompileExec1546404927.dir/build
gmake[2]: Entering directory `/opt/rabbitmq-c-0.8.0/CMakeFiles/CMakeTmp'
/usr/bin/cmake -E cmake_progress_report /opt/rabbitmq-c-0.8.0/CMakeFiles/CMakeTmp/CMakeFiles 1
Building C object CMakeFiles/cmTryCompileExec1546404927.dir/CheckSymbolExists.c.o
/usr/bin/cc    -o CMakeFiles/cmTryCompileExec1546404927.dir/CheckSymbolExists.c.o   -c /opt/rabbitmq-c-0.8.0/CMakeFiles/CMakeTmp/CheckSymbolExists.c
Linking C executable cmTryCompileExec1546404927
/usr/bin/cmake -E cmake_link_script CMakeFiles/cmTryCompileExec1546404927.dir/link.txt --verbose=1
/usr/bin/cc       CMakeFiles/cmTryCompileExec1546404927.dir/CheckSymbolExists.c.o  -o cmTryCompileExec1546404927 -rdynamic 
gmake[2]: Leaving directory `/opt/rabbitmq-c-0.8.0/CMakeFiles/CMakeTmp'
gmake[1]: Leaving directory `/opt/rabbitmq-c-0.8.0/CMakeFiles/CMakeTmp'

File /opt/rabbitmq-c-0.8.0/CMakeFiles/CMakeTmp/CheckSymbolExists.c:
/* */
#include <poll.h>

int main(int argc, char** argv)
{
  (void)argv;
#ifndef poll
  return ((int*)(&poll))[argc];
#else
  (void)argc;
  return 0;
#endif
}

Determining if the function clock_gettime exists in the rt passed with the following output:
Change Dir: /opt/rabbitmq-c-0.8.0/CMakeFiles/CMakeTmp

Run Build Command:/usr/bin/gmake "cmTryCompileExec2303958885/fast"
gmake[1]: Entering directory `/opt/rabbitmq-c-0.8.0/CMakeFiles/CMakeTmp'
/usr/bin/gmake -f CMakeFiles/cmTryCompileExec2303958885.dir/build.make CMakeFiles/cmTryCompileExec2303958885.dir/build
gmake[2]: Entering directory `/opt/rabbitmq-c-0.8.0/CMakeFiles/CMakeTmp'
/usr/bin/cmake -E cmake_progress_report /opt/rabbitmq-c-0.8.0/CMakeFiles/CMakeTmp/CMakeFiles 1
Building C object CMakeFiles/cmTryCompileExec2303958885.dir/CheckFunctionExists.c.o
/usr/bin/cc   -DCHECK_FUNCTION_EXISTS=clock_gettime   -o CMakeFiles/cmTryCompileExec2303958885.dir/CheckFunctionExists.c.o   -c /usr/share/cmake/Modules/CheckFunctionExists.c
Linking C executable cmTryCompileExec2303958885
/usr/bin/cmake -E cmake_link_script CMakeFiles/cmTryCompileExec2303958885.dir/link.txt --verbose=1
/usr/bin/cc   -DCHECK_FUNCTION_EXISTS=clock_gettime    CMakeFiles/cmTryCompileExec2303958885.dir/CheckFunctionExists.c.o  -o cmTryCompileExec2303958885  -L/opt/rabbitmq-c-0.8.0/CMakeFiles/CMakeTmp/time.h -rdynamic -lrt -Wl,-rpath,/opt/rabbitmq-c-0.8.0/CMakeFiles/CMakeTmp/time.h 
gmake[2]: Leaving directory `/opt/rabbitmq-c-0.8.0/CMakeFiles/CMakeTmp'
gmake[1]: Leaving directory `/opt/rabbitmq-c-0.8.0/CMakeFiles/CMakeTmp'


Determining if the function posix_spawnp exists in the rt passed with the following output:
Change Dir: /opt/rabbitmq-c-0.8.0/CMakeFiles/CMakeTmp

Run Build Command:/usr/bin/gmake "cmTryCompileExec3266537050/fast"
gmake[1]: Entering directory `/opt/rabbitmq-c-0.8.0/CMakeFiles/CMakeTmp'
/usr/bin/gmake -f CMakeFiles/cmTryCompileExec3266537050.dir/build.make CMakeFiles/cmTryCompileExec3266537050.dir/build
gmake[2]: Entering directory `/opt/rabbitmq-c-0.8.0/CMakeFiles/CMakeTmp'
/usr/bin/cmake -E cmake_progress_report /opt/rabbitmq-c-0.8.0/CMakeFiles/CMakeTmp/CMakeFiles 1
Building C object CMakeFiles/cmTryCompileExec3266537050.dir/CheckFunctionExists.c.o
/usr/bin/cc   -DCHECK_FUNCTION_EXISTS=posix_spawnp   -o CMakeFiles/cmTryCompileExec3266537050.dir/CheckFunctionExists.c.o   -c /usr/share/cmake/Modules/CheckFunctionExists.c
Linking C executable cmTryCompileExec3266537050
/usr/bin/cmake -E cmake_link_script CMakeFiles/cmTryCompileExec3266537050.dir/link.txt --verbose=1
/usr/bin/cc   -DCHECK_FUNCTION_EXISTS=posix_spawnp    CMakeFiles/cmTryCompileExec3266537050.dir/CheckFunctionExists.c.o  -o cmTryCompileExec3266537050  -L/opt/rabbitmq-c-0.8.0/CMakeFiles/CMakeTmp/spawn.h -rdynamic -lrt -Wl,-rpath,/opt/rabbitmq-c-0.8.0/CMakeFiles/CMakeTmp/spawn.h 
gmake[2]: Leaving directory `/opt/rabbitmq-c-0.8.0/CMakeFiles/CMakeTmp'
gmake[1]: Leaving directory `/opt/rabbitmq-c-0.8.0/CMakeFiles/CMakeTmp'


Determining if files pthread.h exist passed with the following output:
Change Dir: /opt/rabbitmq-c-0.8.0/CMakeFiles/CMakeTmp

Run Build Command:/usr/bin/gmake "cmTryCompileExec2553185357/fast"
gmake[1]: Entering directory `/opt/rabbitmq-c-0.8.0/CMakeFiles/CMakeTmp'
/usr/bin/gmake -f CMakeFiles/cmTryCompileExec2553185357.dir/build.make CMakeFiles/cmTryCompileExec2553185357.dir/build
gmake[2]: Entering directory `/opt/rabbitmq-c-0.8.0/CMakeFiles/CMakeTmp'
/usr/bin/cmake -E cmake_progress_report /opt/rabbitmq-c-0.8.0/CMakeFiles/CMakeTmp/CMakeFiles 1
Building C object CMakeFiles/cmTryCompileExec2553185357.dir/CheckIncludeFiles.c.o
/usr/bin/cc   -Wall -Wextra -Wstrict-prototypes -Wno-unused-function -fno-common -fvisibility=hidden     -o CMakeFiles/cmTryCompileExec2553185357.dir/CheckIncludeFiles.c.o   -c /opt/rabbitmq-c-0.8.0/CMakeFiles/CMakeTmp/CheckIncludeFiles.c
/opt/rabbitmq-c-0.8.0/CMakeFiles/CMakeTmp/CheckIncludeFiles.c:5: warning: function declaration isn’t a prototype
Linking C executable cmTryCompileExec2553185357
/usr/bin/cmake -E cmake_link_script CMakeFiles/cmTryCompileExec2553185357.dir/link.txt --verbose=1
/usr/bin/cc  -Wall -Wextra -Wstrict-prototypes -Wno-unused-function -fno-common -fvisibility=hidden      CMakeFiles/cmTryCompileExec2553185357.dir/CheckIncludeFiles.c.o  -o cmTryCompileExec2553185357 -rdynamic 
gmake[2]: Leaving directory `/opt/rabbitmq-c-0.8.0/CMakeFiles/CMakeTmp'
gmake[1]: Leaving directory `/opt/rabbitmq-c-0.8.0/CMakeFiles/CMakeTmp'


Determining if the function pthread_create exists in the pthread passed with the following output:
Change Dir: /opt/rabbitmq-c-0.8.0/CMakeFiles/CMakeTmp

Run Build Command:/usr/bin/gmake "cmTryCompileExec1638577653/fast"
gmake[1]: Entering directory `/opt/rabbitmq-c-0.8.0/CMakeFiles/CMakeTmp'
/usr/bin/gmake -f CMakeFiles/cmTryCompileExec1638577653.dir/build.make CMakeFiles/cmTryCompileExec1638577653.dir/build
gmake[2]: Entering directory `/opt/rabbitmq-c-0.8.0/CMakeFiles/CMakeTmp'
/usr/bin/cmake -E cmake_progress_report /opt/rabbitmq-c-0.8.0/CMakeFiles/CMakeTmp/CMakeFiles 1
Building C object CMakeFiles/cmTryCompileExec1638577653.dir/CheckFunctionExists.c.o
/usr/bin/cc   -Wall -Wextra -Wstrict-prototypes -Wno-unused-function -fno-common -fvisibility=hidden  -DCHECK_FUNCTION_EXISTS=pthread_create   -o CMakeFiles/cmTryCompileExec1638577653.dir/CheckFunctionExists.c.o   -c /usr/share/cmake/Modules/CheckFunctionExists.c
/usr/share/cmake/Modules/CheckFunctionExists.c:3: warning: function declaration isn’t a prototype
Linking C executable cmTryCompileExec1638577653
/usr/bin/cmake -E cmake_link_script CMakeFiles/cmTryCompileExec1638577653.dir/link.txt --verbose=1
/usr/bin/cc  -Wall -Wextra -Wstrict-prototypes -Wno-unused-function -fno-common -fvisibility=hidden  -DCHECK_FUNCTION_EXISTS=pthread_create    CMakeFiles/cmTryCompileExec1638577653.dir/CheckFunctionExists.c.o  -o cmTryCompileExec1638577653 -rdynamic -lpthread 
gmake[2]: Leaving directory `/opt/rabbitmq-c-0.8.0/CMakeFiles/CMakeTmp'
gmake[1]: Leaving directory `/opt/rabbitmq-c-0.8.0/CMakeFiles/CMakeTmp'


Determining if the getaddrinfo exist passed with the following output:
Change Dir: /opt/rabbitmq-c-0.8.0/CMakeFiles/CMakeTmp

Run Build Command:/usr/bin/gmake "cmTryCompileExec3109582398/fast"
gmake[1]: Entering directory `/opt/rabbitmq-c-0.8.0/CMakeFiles/CMakeTmp'
/usr/bin/gmake -f CMakeFiles/cmTryCompileExec3109582398.dir/build.make CMakeFiles/cmTryCompileExec3109582398.dir/build
gmake[2]: Entering directory `/opt/rabbitmq-c-0.8.0/CMakeFiles/CMakeTmp'
/usr/bin/cmake -E cmake_progress_report /opt/rabbitmq-c-0.8.0/CMakeFiles/CMakeTmp/CMakeFiles 1
Building C object CMakeFiles/cmTryCompileExec3109582398.dir/CheckSymbolExists.c.o
/usr/bin/cc    -o CMakeFiles/cmTryCompileExec3109582398.dir/CheckSymbolExists.c.o   -c /opt/rabbitmq-c-0.8.0/CMakeFiles/CMakeTmp/CheckSymbolExists.c
Linking C executable cmTryCompileExec3109582398
/usr/bin/cmake -E cmake_link_script CMakeFiles/cmTryCompileExec3109582398.dir/link.txt --verbose=1
/usr/bin/cc       CMakeFiles/cmTryCompileExec3109582398.dir/CheckSymbolExists.c.o  -o cmTryCompileExec3109582398 -rdynamic 
gmake[2]: Leaving directory `/opt/rabbitmq-c-0.8.0/CMakeFiles/CMakeTmp'
gmake[1]: Leaving directory `/opt/rabbitmq-c-0.8.0/CMakeFiles/CMakeTmp'

File /opt/rabbitmq-c-0.8.0/CMakeFiles/CMakeTmp/CheckSymbolExists.c:
/* */
#include <sys/types.h>
#include <sys/socket.h>
#include <netdb.h>

int main(int argc, char** argv)
{
  (void)argv;
#ifndef getaddrinfo
  return ((int*)(&getaddrinfo))[argc];
#else
  (void)argc;
  return 0;
#endif
}

Determining if the socket exist passed with the following output:
Change Dir: /opt/rabbitmq-c-0.8.0/CMakeFiles/CMakeTmp

Run Build Command:/usr/bin/gmake "cmTryCompileExec2846390892/fast"
gmake[1]: Entering directory `/opt/rabbitmq-c-0.8.0/CMakeFiles/CMakeTmp'
/usr/bin/gmake -f CMakeFiles/cmTryCompileExec2846390892.dir/build.make CMakeFiles/cmTryCompileExec2846390892.dir/build
gmake[2]: Entering directory `/opt/rabbitmq-c-0.8.0/CMakeFiles/CMakeTmp'
/usr/bin/cmake -E cmake_progress_report /opt/rabbitmq-c-0.8.0/CMakeFiles/CMakeTmp/CMakeFiles 1
Building C object CMakeFiles/cmTryCompileExec2846390892.dir/CheckSymbolExists.c.o
/usr/bin/cc    -o CMakeFiles/cmTryCompileExec2846390892.dir/CheckSymbolExists.c.o   -c /opt/rabbitmq-c-0.8.0/CMakeFiles/CMakeTmp/CheckSymbolExists.c
Linking C executable cmTryCompileExec2846390892
/usr/bin/cmake -E cmake_link_script CMakeFiles/cmTryCompileExec2846390892.dir/link.txt --verbose=1
/usr/bin/cc       CMakeFiles/cmTryCompileExec2846390892.dir/CheckSymbolExists.c.o  -o cmTryCompileExec2846390892 -rdynamic 
gmake[2]: Leaving directory `/opt/rabbitmq-c-0.8.0/CMakeFiles/CMakeTmp'
gmake[1]: Leaving directory `/opt/rabbitmq-c-0.8.0/CMakeFiles/CMakeTmp'

File /opt/rabbitmq-c-0.8.0/CMakeFiles/CMakeTmp/CheckSymbolExists.c:
/* */
#include <sys/types.h>
#include <sys/socket.h>

int main(int argc, char** argv)
{
  (void)argv;
#ifndef socket
  return ((int*)(&socket))[argc];
#else
  (void)argc;
  return 0;
#endif
}

Determining if the poll exist passed with the following output:
Change Dir: /opt/rabbitmq-c-0.8.0/CMakeFiles/CMakeTmp

Run Build Command:/usr/bin/gmake "cmTryCompileExec2565165365/fast"
gmake[1]: Entering directory `/opt/rabbitmq-c-0.8.0/CMakeFiles/CMakeTmp'
/usr/bin/gmake -f CMakeFiles/cmTryCompileExec2565165365.dir/build.make CMakeFiles/cmTryCompileExec2565165365.dir/build
gmake[2]: Entering directory `/opt/rabbitmq-c-0.8.0/CMakeFiles/CMakeTmp'
/usr/bin/cmake -E cmake_progress_report /opt/rabbitmq-c-0.8.0/CMakeFiles/CMakeTmp/CMakeFiles 1
Building C object CMakeFiles/cmTryCompileExec2565165365.dir/CheckSymbolExists.c.o
/usr/bin/cc    -o CMakeFiles/cmTryCompileExec2565165365.dir/CheckSymbolExists.c.o   -c /opt/rabbitmq-c-0.8.0/CMakeFiles/CMakeTmp/CheckSymbolExists.c
Linking C executable cmTryCompileExec2565165365
/usr/bin/cmake -E cmake_link_script CMakeFiles/cmTryCompileExec2565165365.dir/link.txt --verbose=1
/usr/bin/cc       CMakeFiles/cmTryCompileExec2565165365.dir/CheckSymbolExists.c.o  -o cmTryCompileExec2565165365 -rdynamic 
gmake[2]: Leaving directory `/opt/rabbitmq-c-0.8.0/CMakeFiles/CMakeTmp'
gmake[1]: Leaving directory `/opt/rabbitmq-c-0.8.0/CMakeFiles/CMakeTmp'

File /opt/rabbitmq-c-0.8.0/CMakeFiles/CMakeTmp/CheckSymbolExists.c:
/* */
#include <poll.h>

int main(int argc, char** argv)
{
  (void)argv;
#ifndef poll
  return ((int*)(&poll))[argc];
#else
  (void)argc;
  return 0;
#endif
}

Determining if the function clock_gettime exists in the rt passed with the following output:
Change Dir: /opt/rabbitmq-c-0.8.0/CMakeFiles/CMakeTmp

Run Build Command:/usr/bin/gmake "cmTryCompileExec2463553926/fast"
gmake[1]: Entering directory `/opt/rabbitmq-c-0.8.0/CMakeFiles/CMakeTmp'
/usr/bin/gmake -f CMakeFiles/cmTryCompileExec2463553926.dir/build.make CMakeFiles/cmTryCompileExec2463553926.dir/build
gmake[2]: Entering directory `/opt/rabbitmq-c-0.8.0/CMakeFiles/CMakeTmp'
/usr/bin/cmake -E cmake_progress_report /opt/rabbitmq-c-0.8.0/CMakeFiles/CMakeTmp/CMakeFiles 1
Building C object CMakeFiles/cmTryCompileExec2463553926.dir/CheckFunctionExists.c.o
/usr/bin/cc   -DCHECK_FUNCTION_EXISTS=clock_gettime   -o CMakeFiles/cmTryCompileExec2463553926.dir/CheckFunctionExists.c.o   -c /usr/share/cmake/Modules/CheckFunctionExists.c
Linking C executable cmTryCompileExec2463553926
/usr/bin/cmake -E cmake_link_script CMakeFiles/cmTryCompileExec2463553926.dir/link.txt --verbose=1
/usr/bin/cc   -DCHECK_FUNCTION_EXISTS=clock_gettime    CMakeFiles/cmTryCompileExec2463553926.dir/CheckFunctionExists.c.o  -o cmTryCompileExec2463553926  -L/opt/rabbitmq-c-0.8.0/CMakeFiles/CMakeTmp/time.h -rdynamic -lrt -Wl,-rpath,/opt/rabbitmq-c-0.8.0/CMakeFiles/CMakeTmp/time.h 
gmake[2]: Leaving directory `/opt/rabbitmq-c-0.8.0/CMakeFiles/CMakeTmp'
gmake[1]: Leaving directory `/opt/rabbitmq-c-0.8.0/CMakeFiles/CMakeTmp'


Determining if the function posix_spawnp exists in the rt passed with the following output:
Change Dir: /opt/rabbitmq-c-0.8.0/CMakeFiles/CMakeTmp

Run Build Command:/usr/bin/gmake "cmTryCompileExec637344382/fast"
gmake[1]: Entering directory `/opt/rabbitmq-c-0.8.0/CMakeFiles/CMakeTmp'
/usr/bin/gmake -f CMakeFiles/cmTryCompileExec637344382.dir/build.make CMakeFiles/cmTryCompileExec637344382.dir/build
gmake[2]: Entering directory `/opt/rabbitmq-c-0.8.0/CMakeFiles/CMakeTmp'
/usr/bin/cmake -E cmake_progress_report /opt/rabbitmq-c-0.8.0/CMakeFiles/CMakeTmp/CMakeFiles 1
Building C object CMakeFiles/cmTryCompileExec637344382.dir/CheckFunctionExists.c.o
/usr/bin/cc   -DCHECK_FUNCTION_EXISTS=posix_spawnp   -o CMakeFiles/cmTryCompileExec637344382.dir/CheckFunctionExists.c.o   -c /usr/share/cmake/Modules/CheckFunctionExists.c
Linking C executable cmTryCompileExec637344382
/usr/bin/cmake -E cmake_link_script CMakeFiles/cmTryCompileExec637344382.dir/link.txt --verbose=1
/usr/bin/cc   -DCHECK_FUNCTION_EXISTS=posix_spawnp    CMakeFiles/cmTryCompileExec637344382.dir/CheckFunctionExists.c.o  -o cmTryCompileExec637344382  -L/opt/rabbitmq-c-0.8.0/CMakeFiles/CMakeTmp/spawn.h -rdynamic -lrt -Wl,-rpath,/opt/rabbitmq-c-0.8.0/CMakeFiles/CMakeTmp/spawn.h 
gmake[2]: Leaving directory `/opt/rabbitmq-c-0.8.0/CMakeFiles/CMakeTmp'
gmake[1]: Leaving directory `/opt/rabbitmq-c-0.8.0/CMakeFiles/CMakeTmp'


Determining if files pthread.h exist passed with the following output:
Change Dir: /opt/rabbitmq-c-0.8.0/CMakeFiles/CMakeTmp

Run Build Command:/usr/bin/gmake "cmTryCompileExec2161451737/fast"
gmake[1]: Entering directory `/opt/rabbitmq-c-0.8.0/CMakeFiles/CMakeTmp'
/usr/bin/gmake -f CMakeFiles/cmTryCompileExec2161451737.dir/build.make CMakeFiles/cmTryCompileExec2161451737.dir/build
gmake[2]: Entering directory `/opt/rabbitmq-c-0.8.0/CMakeFiles/CMakeTmp'
/usr/bin/cmake -E cmake_progress_report /opt/rabbitmq-c-0.8.0/CMakeFiles/CMakeTmp/CMakeFiles 1
Building C object CMakeFiles/cmTryCompileExec2161451737.dir/CheckIncludeFiles.c.o
/usr/bin/cc   -Wall -Wextra -Wstrict-prototypes -Wno-unused-function -fno-common -fvisibility=hidden     -o CMakeFiles/cmTryCompileExec2161451737.dir/CheckIncludeFiles.c.o   -c /opt/rabbitmq-c-0.8.0/CMakeFiles/CMakeTmp/CheckIncludeFiles.c
/opt/rabbitmq-c-0.8.0/CMakeFiles/CMakeTmp/CheckIncludeFiles.c:5: warning: function declaration isn’t a prototype
Linking C executable cmTryCompileExec2161451737
/usr/bin/cmake -E cmake_link_script CMakeFiles/cmTryCompileExec2161451737.dir/link.txt --verbose=1
/usr/bin/cc  -Wall -Wextra -Wstrict-prototypes -Wno-unused-function -fno-common -fvisibility=hidden      CMakeFiles/cmTryCompileExec2161451737.dir/CheckIncludeFiles.c.o  -o cmTryCompileExec2161451737 -rdynamic 
gmake[2]: Leaving directory `/opt/rabbitmq-c-0.8.0/CMakeFiles/CMakeTmp'
gmake[1]: Leaving directory `/opt/rabbitmq-c-0.8.0/CMakeFiles/CMakeTmp'


Determining if the function pthread_create exists in the pthread passed with the following output:
Change Dir: /opt/rabbitmq-c-0.8.0/CMakeFiles/CMakeTmp

Run Build Command:/usr/bin/gmake "cmTryCompileExec534839584/fast"
gmake[1]: Entering directory `/opt/rabbitmq-c-0.8.0/CMakeFiles/CMakeTmp'
/usr/bin/gmake -f CMakeFiles/cmTryCompileExec534839584.dir/build.make CMakeFiles/cmTryCompileExec534839584.dir/build
gmake[2]: Entering directory `/opt/rabbitmq-c-0.8.0/CMakeFiles/CMakeTmp'
/usr/bin/cmake -E cmake_progress_report /opt/rabbitmq-c-0.8.0/CMakeFiles/CMakeTmp/CMakeFiles 1
Building C object CMakeFiles/cmTryCompileExec534839584.dir/CheckFunctionExists.c.o
/usr/bin/cc   -Wall -Wextra -Wstrict-prototypes -Wno-unused-function -fno-common -fvisibility=hidden  -DCHECK_FUNCTION_EXISTS=pthread_create   -o CMakeFiles/cmTryCompileExec534839584.dir/CheckFunctionExists.c.o   -c /usr/share/cmake/Modules/CheckFunctionExists.c
/usr/share/cmake/Modules/CheckFunctionExists.c:3: warning: function declaration isn’t a prototype
Linking C executable cmTryCompileExec534839584
/usr/bin/cmake -E cmake_link_script CMakeFiles/cmTryCompileExec534839584.dir/link.txt --verbose=1
/usr/bin/cc  -Wall -Wextra -Wstrict-prototypes -Wno-unused-function -fno-common -fvisibility=hidden  -DCHECK_FUNCTION_EXISTS=pthread_create    CMakeFiles/cmTryCompileExec534839584.dir/CheckFunctionExists.c.o  -o cmTryCompileExec534839584 -rdynamic -lpthread 
gmake[2]: Leaving directory `/opt/rabbitmq-c-0.8.0/CMakeFiles/CMakeTmp'
gmake[1]: Leaving directory `/opt/rabbitmq-c-0.8.0/CMakeFiles/CMakeTmp'


