This file contains any messages produced by compilers while
running configure, to aid debugging if configure makes a mistake.

It was created by rabbitmq-c configure 0.8.0, which was
generated by GNU Autoconf 2.63.  Invocation command line was

  $ ./configure 

## --------- ##
## Platform. ##
## --------- ##

hostname = jason-3
uname -m = x86_64
uname -r = 2.6.32-642.el6.x86_64
uname -s = Linux
uname -v = #1 SMP Tue May 10 17:27:01 UTC 2016

/usr/bin/uname -p = unknown
/bin/uname -X     = unknown

/bin/arch              = x86_64
/usr/bin/arch -k       = unknown
/usr/convex/getsysinfo = unknown
/usr/bin/hostinfo      = unknown
/bin/machine           = unknown
/usr/bin/oslevel       = unknown
/bin/universe          = unknown

PATH: /usr/local/erlang/bin
PATH: /usr/local/bin
PATH: /bin
PATH: /usr/bin
PATH: /usr/local/sbin
PATH: /usr/sbin
PATH: /sbin
PATH: /home/meirui.yan/bin


## ----------- ##
## Core tests. ##
## ----------- ##

configure:1999: checking for a BSD-compatible install
configure:2067: result: /usr/bin/install -c
configure:2078: checking whether build environment is sane
configure:2138: result: yes
configure:2279: checking for a thread-safe mkdir -p
configure:2318: result: /bin/mkdir -p
configure:2331: checking for gawk
configure:2347: found /bin/gawk
configure:2358: result: gawk
configure:2369: checking whether make sets $(MAKE)
configure:2391: result: yes
configure:2498: checking for style of include used by make
configure:2526: result: GNU
configure:2596: checking for gcc
configure:2612: found /usr/bin/gcc
configure:2623: result: gcc
configure:2855: checking for C compiler version
configure:2863: gcc --version >&5
gcc (GCC) 4.4.7 20120313 (Red Hat 4.4.7-17)
Copyright (C) 2010 Free Software Foundation, Inc.
This is free software; see the source for copying conditions.  There is NO
warranty; not even for MERCHANTABILITY or FITNESS FOR A PARTICULAR PURPOSE.

configure:2867: $? = 0
configure:2874: gcc -v >&5
Using built-in specs.
Target: x86_64-redhat-linux
Configured with: ../configure --prefix=/usr --mandir=/usr/share/man --infodir=/usr/share/info --with-bugurl=http://bugzilla.redhat.com/bugzilla --enable-bootstrap --enable-shared --enable-threads=posix --enable-checking=release --with-system-zlib --enable-__cxa_atexit --disable-libunwind-exceptions --enable-gnu-unique-object --enable-languages=c,c++,objc,obj-c++,java,fortran,ada --enable-java-awt=gtk --disable-dssi --with-java-home=/usr/lib/jvm/java-1.5.0-gcj-1.5.0.0/jre --enable-libgcj-multifile --enable-java-maintainer-mode --with-ecj-jar=/usr/share/java/eclipse-ecj.jar --disable-libjava-multilib --with-ppl --with-cloog --with-tune=generic --with-arch_32=i686 --build=x86_64-redhat-linux
Thread model: posix
gcc version 4.4.7 20120313 (Red Hat 4.4.7-17) (GCC) 
configure:2878: $? = 0
configure:2885: gcc -V >&5
gcc: '-V' option must have argument
configure:2889: $? = 1
configure:2912: checking for C compiler default output file name
configure:2934: gcc    conftest.c  >&5
configure:2938: $? = 0
configure:2976: result: a.out
configure:2995: checking whether the C compiler works
configure:3005: ./a.out
configure:3009: $? = 0
configure:3028: result: yes
configure:3035: checking whether we are cross compiling
configure:3037: result: no
configure:3040: checking for suffix of executables
configure:3047: gcc -o conftest    conftest.c  >&5
configure:3051: $? = 0
configure:3077: result: 
configure:3083: checking for suffix of object files
configure:3109: gcc -c   conftest.c >&5
configure:3113: $? = 0
configure:3138: result: o
configure:3142: checking whether we are using the GNU C compiler
configure:3171: gcc -c   conftest.c >&5
configure:3178: $? = 0
configure:3195: result: yes
configure:3204: checking whether gcc accepts -g
configure:3234: gcc -c -g  conftest.c >&5
configure:3241: $? = 0
configure:3342: result: yes
configure:3359: checking for gcc option to accept ISO C89
configure:3433: gcc  -c -g -O2  conftest.c >&5
configure:3440: $? = 0
configure:3463: result: none needed
configure:3483: checking dependency style of gcc
configure:3593: result: gcc3
configure:3614: checking how to run the C preprocessor
configure:3654: gcc -E  conftest.c
configure:3661: $? = 0
configure:3692: gcc -E  conftest.c
conftest.c:10:28: error: ac_nonexistent.h: No such file or directory
configure:3699: $? = 1
configure: failed program was:
| /* confdefs.h.  */
| #define PACKAGE_NAME "rabbitmq-c"
| #define PACKAGE_TARNAME "rabbitmq-c"
| #define PACKAGE_VERSION "0.8.0"
| #define PACKAGE_STRING "rabbitmq-c 0.8.0"
| #define PACKAGE_BUGREPORT "https://github.com/alanxz/rabbitmq-c/issues"
| #define PACKAGE "rabbitmq-c"
| #define VERSION "0.8.0"
| /* end confdefs.h.  */
| #include <ac_nonexistent.h>
configure:3732: result: gcc -E
configure:3761: gcc -E  conftest.c
configure:3768: $? = 0
configure:3799: gcc -E  conftest.c
conftest.c:10:28: error: ac_nonexistent.h: No such file or directory
configure:3806: $? = 1
configure: failed program was:
| /* confdefs.h.  */
| #define PACKAGE_NAME "rabbitmq-c"
| #define PACKAGE_TARNAME "rabbitmq-c"
| #define PACKAGE_VERSION "0.8.0"
| #define PACKAGE_STRING "rabbitmq-c 0.8.0"
| #define PACKAGE_BUGREPORT "https://github.com/alanxz/rabbitmq-c/issues"
| #define PACKAGE "rabbitmq-c"
| #define VERSION "0.8.0"
| /* end confdefs.h.  */
| #include <ac_nonexistent.h>
configure:3846: checking for grep that handles long lines and -e
configure:3906: result: /bin/grep
configure:3911: checking for egrep
configure:3975: result: /bin/grep -E
configure:3980: checking for ANSI C header files
configure:4010: gcc -c -g -O2  conftest.c >&5
configure:4017: $? = 0
configure:4116: gcc -o conftest -g -O2   conftest.c  >&5
configure:4120: $? = 0
configure:4126: ./conftest
configure:4130: $? = 0
configure:4148: result: yes
configure:4172: checking for sys/types.h
configure:4193: gcc -c -g -O2  conftest.c >&5
configure:4200: $? = 0
configure:4217: result: yes
configure:4172: checking for sys/stat.h
configure:4193: gcc -c -g -O2  conftest.c >&5
configure:4200: $? = 0
configure:4217: result: yes
configure:4172: checking for stdlib.h
configure:4193: gcc -c -g -O2  conftest.c >&5
configure:4200: $? = 0
configure:4217: result: yes
configure:4172: checking for string.h
configure:4193: gcc -c -g -O2  conftest.c >&5
configure:4200: $? = 0
configure:4217: result: yes
configure:4172: checking for memory.h
configure:4193: gcc -c -g -O2  conftest.c >&5
configure:4200: $? = 0
configure:4217: result: yes
configure:4172: checking for strings.h
configure:4193: gcc -c -g -O2  conftest.c >&5
configure:4200: $? = 0
configure:4217: result: yes
configure:4172: checking for inttypes.h
configure:4193: gcc -c -g -O2  conftest.c >&5
configure:4200: $? = 0
configure:4217: result: yes
configure:4172: checking for stdint.h
configure:4193: gcc -c -g -O2  conftest.c >&5
configure:4200: $? = 0
configure:4217: result: yes
configure:4172: checking for unistd.h
configure:4193: gcc -c -g -O2  conftest.c >&5
configure:4200: $? = 0
configure:4217: result: yes
configure:4242: checking minix/config.h usability
configure:4259: gcc -c -g -O2  conftest.c >&5
conftest.c:53:26: error: minix/config.h: No such file or directory
configure:4266: $? = 1
configure: failed program was:
| /* confdefs.h.  */
| #define PACKAGE_NAME "rabbitmq-c"
| #define PACKAGE_TARNAME "rabbitmq-c"
| #define PACKAGE_VERSION "0.8.0"
| #define PACKAGE_STRING "rabbitmq-c 0.8.0"
| #define PACKAGE_BUGREPORT "https://github.com/alanxz/rabbitmq-c/issues"
| #define PACKAGE "rabbitmq-c"
| #define VERSION "0.8.0"
| #define STDC_HEADERS 1
| #define HAVE_SYS_TYPES_H 1
| #define HAVE_SYS_STAT_H 1
| #define HAVE_STDLIB_H 1
| #define HAVE_STRING_H 1
| #define HAVE_MEMORY_H 1
| #define HAVE_STRINGS_H 1
| #define HAVE_INTTYPES_H 1
| #define HAVE_STDINT_H 1
| #define HAVE_UNISTD_H 1
| /* end confdefs.h.  */
| #include <stdio.h>
| #ifdef HAVE_SYS_TYPES_H
| # include <sys/types.h>
| #endif
| #ifdef HAVE_SYS_STAT_H
| # include <sys/stat.h>
| #endif
| #ifdef STDC_HEADERS
| # include <stdlib.h>
| # include <stddef.h>
| #else
| # ifdef HAVE_STDLIB_H
| #  include <stdlib.h>
| # endif
| #endif
| #ifdef HAVE_STRING_H
| # if !defined STDC_HEADERS && defined HAVE_MEMORY_H
| #  include <memory.h>
| # endif
| # include <string.h>
| #endif
| #ifdef HAVE_STRINGS_H
| # include <strings.h>
| #endif
| #ifdef HAVE_INTTYPES_H
| # include <inttypes.h>
| #endif
| #ifdef HAVE_STDINT_H
| # include <stdint.h>
| #endif
| #ifdef HAVE_UNISTD_H
| # include <unistd.h>
| #endif
| #include <minix/config.h>
configure:4280: result: no
configure:4284: checking minix/config.h presence
configure:4299: gcc -E  conftest.c
conftest.c:20:26: error: minix/config.h: No such file or directory
configure:4306: $? = 1
configure: failed program was:
| /* confdefs.h.  */
| #define PACKAGE_NAME "rabbitmq-c"
| #define PACKAGE_TARNAME "rabbitmq-c"
| #define PACKAGE_VERSION "0.8.0"
| #define PACKAGE_STRING "rabbitmq-c 0.8.0"
| #define PACKAGE_BUGREPORT "https://github.com/alanxz/rabbitmq-c/issues"
| #define PACKAGE "rabbitmq-c"
| #define VERSION "0.8.0"
| #define STDC_HEADERS 1
| #define HAVE_SYS_TYPES_H 1
| #define HAVE_SYS_STAT_H 1
| #define HAVE_STDLIB_H 1
| #define HAVE_STRING_H 1
| #define HAVE_MEMORY_H 1
| #define HAVE_STRINGS_H 1
| #define HAVE_INTTYPES_H 1
| #define HAVE_STDINT_H 1
| #define HAVE_UNISTD_H 1
| /* end confdefs.h.  */
| #include <minix/config.h>
configure:4320: result: no
configure:4353: checking for minix/config.h
configure:4360: result: no
configure:4391: checking whether it is safe to define __EXTENSIONS__
configure:4419: gcc -c -g -O2  conftest.c >&5
configure:4426: $? = 0
configure:4441: result: yes
configure:4499: checking build system type
configure:4517: result: x86_64-unknown-linux-gnu
configure:4539: checking host system type
configure:4554: result: x86_64-unknown-linux-gnu
configure:4597: checking how to print strings
configure:4624: result: printf
configure:4645: checking for a sed that does not truncate output
configure:4711: result: /bin/sed
configure:4729: checking for fgrep
configure:4793: result: /bin/grep -F
configure:4828: checking for ld used by gcc
configure:4895: result: /usr/bin/ld
configure:4904: checking if the linker (/usr/bin/ld) is GNU ld
configure:4919: result: yes
configure:4931: checking for BSD- or MS-compatible name lister (nm)
configure:4980: result: /usr/bin/nm -B
configure:5110: checking the name lister (/usr/bin/nm -B) interface
configure:5117: gcc -c -g -O2  conftest.c >&5
configure:5120: /usr/bin/nm -B "conftest.o"
configure:5123: output
0000000000000000 B some_variable
configure:5130: result: BSD nm
configure:5133: checking whether ln -s works
configure:5137: result: yes
configure:5145: checking the maximum length of command line arguments
configure:5276: result: 1966080
configure:5293: checking whether the shell understands some XSI constructs
configure:5303: result: yes
configure:5307: checking whether the shell understands "+="
configure:5313: result: yes
configure:5348: checking how to convert x86_64-unknown-linux-gnu file names to x86_64-unknown-linux-gnu format
configure:5388: result: func_convert_file_noop
configure:5395: checking how to convert x86_64-unknown-linux-gnu file names to toolchain format
configure:5415: result: func_convert_file_noop
configure:5422: checking for /usr/bin/ld option to reload object files
configure:5429: result: -r
configure:5503: checking for objdump
configure:5519: found /usr/bin/objdump
configure:5530: result: objdump
configure:5559: checking how to recognize dependent libraries
configure:5757: result: pass_all
configure:5842: checking for dlltool
configure:5872: result: no
configure:5899: checking how to associate runtime and link libraries
configure:5926: result: printf %s\n
configure:5986: checking for ar
configure:6002: found /usr/bin/ar
configure:6013: result: ar
configure:6050: checking for archiver @FILE support
configure:6077: gcc -c -g -O2  conftest.c >&5
configure:6084: $? = 0
configure:6091: ar cru libconftest.a @conftest.lst >&5
configure:6094: $? = 0
configure:6099: ar cru libconftest.a @conftest.lst >&5
ar: conftest.o: No such file or directory
configure:6102: $? = 1
configure:6120: result: @
configure:6178: checking for strip
configure:6194: found /usr/bin/strip
configure:6205: result: strip
configure:6277: checking for ranlib
configure:6293: found /usr/bin/ranlib
configure:6304: result: ranlib
configure:6406: checking command to parse /usr/bin/nm -B output from gcc object
configure:6526: gcc -c -g -O2  conftest.c >&5
configure:6529: $? = 0
configure:6533: /usr/bin/nm -B conftest.o \| sed -n -e 's/^.*[ ]\([ABCDGIRSTW][ABCDGIRSTW]*\)[ ][ ]*\([_A-Za-z][_A-Za-z0-9]*\)$/\1 \2 \2/p' | sed '/ __gnu_lto/d' \> conftest.nm
configure:6536: $? = 0
configure:6602: gcc -o conftest -g -O2   conftest.c conftstm.o >&5
configure:6605: $? = 0
configure:6643: result: ok
configure:6680: checking for sysroot
configure:6712: result: no
configure:6789: gcc -c -g -O2  conftest.c >&5
configure:6792: $? = 0
configure:7010: checking for mt
configure:7040: result: no
configure:7060: checking if : is a manifest tool
configure:7066: : '-?'
configure:7074: result: no
configure:7744: checking for dlfcn.h
configure:7765: gcc -c -g -O2  conftest.c >&5
configure:7772: $? = 0
configure:7789: result: yes
configure:8294: checking for objdir
configure:8309: result: .libs
configure:8580: checking if gcc supports -fno-rtti -fno-exceptions
configure:8598: gcc -c -g -O2  -fno-rtti -fno-exceptions conftest.c >&5
cc1: warning: command line option "-fno-rtti" is valid for C++/ObjC++ but not for C
configure:8602: $? = 0
configure:8615: result: no
configure:8942: checking for gcc option to produce PIC
configure:8949: result: -fPIC -DPIC
configure:8957: checking if gcc PIC flag -fPIC -DPIC works
configure:8975: gcc -c -g -O2  -fPIC -DPIC -DPIC conftest.c >&5
configure:8979: $? = 0
configure:8992: result: yes
configure:9021: checking if gcc static flag -static works
configure:9049: result: no
configure:9064: checking if gcc supports -c -o file.o
configure:9085: gcc -c -g -O2  -o out/conftest2.o conftest.c >&5
configure:9089: $? = 0
configure:9111: result: yes
configure:9119: checking if gcc supports -c -o file.o
configure:9166: result: yes
configure:9199: checking whether the gcc linker (/usr/bin/ld -m elf_x86_64) supports shared libraries
configure:10447: result: yes
configure:10484: checking whether -lc should be explicitly linked in
configure:10492: gcc -c -g -O2  conftest.c >&5
configure:10495: $? = 0
configure:10510: gcc -shared  -fPIC -DPIC conftest.o  -v -Wl,-soname -Wl,conftest -o conftest 2\>\&1 \| /bin/grep  -lc  \>/dev/null 2\>\&1
configure:10513: $? = 0
configure:10527: result: no
configure:10687: checking dynamic linker characteristics
configure:11197: gcc -o conftest -g -O2   -Wl,-rpath -Wl,/foo conftest.c  >&5
configure:11204: $? = 0
configure:11453: result: GNU/Linux ld.so
configure:11560: checking how to hardcode library paths into programs
configure:11585: result: immediate
configure:12438: checking whether stripping libraries is possible
configure:12443: result: yes
configure:12478: checking if libtool supports shared libraries
configure:12480: result: yes
configure:12483: checking whether to build shared libraries
configure:12504: result: yes
configure:12507: checking whether to build static libraries
configure:12511: result: no
configure:12550: WARNING: Attempt c89 workaround for old versions of autoconf
configure:12600: checking for gcc
configure:12627: result: gcc
configure:12859: checking for C compiler version
configure:12867: gcc --version >&5
gcc (GCC) 4.4.7 20120313 (Red Hat 4.4.7-17)
Copyright (C) 2010 Free Software Foundation, Inc.
This is free software; see the source for copying conditions.  There is NO
warranty; not even for MERCHANTABILITY or FITNESS FOR A PARTICULAR PURPOSE.

configure:12871: $? = 0
configure:12878: gcc -v >&5
Using built-in specs.
Target: x86_64-redhat-linux
Configured with: ../configure --prefix=/usr --mandir=/usr/share/man --infodir=/usr/share/info --with-bugurl=http://bugzilla.redhat.com/bugzilla --enable-bootstrap --enable-shared --enable-threads=posix --enable-checking=release --with-system-zlib --enable-__cxa_atexit --disable-libunwind-exceptions --enable-gnu-unique-object --enable-languages=c,c++,objc,obj-c++,java,fortran,ada --enable-java-awt=gtk --disable-dssi --with-java-home=/usr/lib/jvm/java-1.5.0-gcj-1.5.0.0/jre --enable-libgcj-multifile --enable-java-maintainer-mode --with-ecj-jar=/usr/share/java/eclipse-ecj.jar --disable-libjava-multilib --with-ppl --with-cloog --with-tune=generic --with-arch_32=i686 --build=x86_64-redhat-linux
Thread model: posix
gcc version 4.4.7 20120313 (Red Hat 4.4.7-17) (GCC) 
configure:12882: $? = 0
configure:12889: gcc -V >&5
gcc: '-V' option must have argument
configure:12893: $? = 1
configure:12896: checking whether we are using the GNU C compiler
configure:12949: result: yes
configure:12958: checking whether gcc accepts -g
configure:13096: result: yes
configure:13113: checking for gcc option to accept ISO C89
configure:13217: result: none needed
configure:13237: checking dependency style of gcc
configure:13347: result: gcc3
configure:13365: checking if compiler accepts '-std=gnu90'
configure:13388: gcc -c -std=gnu90 -g -O2  conftest.c >&5
cc1: error: unrecognized command line option "-std=gnu90"
configure:13395: $? = 1
configure: failed program was:
| /* confdefs.h.  */
| #define PACKAGE_NAME "rabbitmq-c"
| #define PACKAGE_TARNAME "rabbitmq-c"
| #define PACKAGE_VERSION "0.8.0"
| #define PACKAGE_STRING "rabbitmq-c 0.8.0"
| #define PACKAGE_BUGREPORT "https://github.com/alanxz/rabbitmq-c/issues"
| #define PACKAGE "rabbitmq-c"
| #define VERSION "0.8.0"
| #define STDC_HEADERS 1
| #define HAVE_SYS_TYPES_H 1
| #define HAVE_SYS_STAT_H 1
| #define HAVE_STDLIB_H 1
| #define HAVE_STRING_H 1
| #define HAVE_MEMORY_H 1
| #define HAVE_STRINGS_H 1
| #define HAVE_INTTYPES_H 1
| #define HAVE_STDINT_H 1
| #define HAVE_UNISTD_H 1
| #define __EXTENSIONS__ 1
| #define _ALL_SOURCE 1
| #define _GNU_SOURCE 1
| #define _POSIX_PTHREAD_SEMANTICS 1
| #define _TANDEM_SOURCE 1
| #define HAVE_DLFCN_H 1
| #define LT_OBJDIR ".libs/"
| /* end confdefs.h.  */
| 
| int
| main ()
| {
| 
|   ;
|   return 0;
| }
configure:13413: result: no
configure:13470: checking for pkg-config
configure:13488: found /usr/bin/pkg-config
configure:13500: result: /usr/bin/pkg-config
configure:13525: checking pkg-config is at least version 0.17
configure:13528: result: yes
configure:13539: checking host system type
configure:13554: result: x86_64-unknown-linux-gnu
configure:13576: checking for inline
configure:13602: gcc -c -g -O2  conftest.c >&5
configure:13609: $? = 0
configure:13627: result: inline
configure:13651: checking if compiler accepts '-Wall'
configure:13674: gcc -c -Wall -g -O2  conftest.c >&5
configure:13681: $? = 0
configure:13686: result: yes
configure:13710: checking if compiler accepts '-Wextra'
configure:13733: gcc -c -Wextra -g -O2 -Wall  conftest.c >&5
configure:13740: $? = 0
configure:13745: result: yes
configure:13769: checking if compiler accepts '-Wstrict-prototypes'
configure:13792: gcc -c -Wstrict-prototypes -g -O2 -Wall -Wextra  conftest.c >&5
conftest.c:30: warning: function declaration isn't a prototype
configure:13799: $? = 0
configure:13804: result: yes
configure:13828: checking if compiler accepts '-Wno-unused-function'
configure:13851: gcc -c -Wno-unused-function -g -O2 -Wall -Wextra -Wstrict-prototypes  conftest.c >&5
conftest.c:30: warning: function declaration isn't a prototype
configure:13858: $? = 0
configure:13863: result: yes
configure:13887: checking if compiler accepts '-fno-common'
configure:13910: gcc -c -fno-common -g -O2 -Wall -Wextra -Wstrict-prototypes -Wno-unused-function  conftest.c >&5
conftest.c:30: warning: function declaration isn't a prototype
configure:13917: $? = 0
configure:13922: result: yes
configure:13946: checking if compiler accepts '-fvisibility=hidden'
configure:13969: gcc -c -fvisibility=hidden -g -O2 -Wall -Wextra -Wstrict-prototypes -Wno-unused-function -fno-common  conftest.c >&5
conftest.c:30: warning: function declaration isn't a prototype
configure:13976: $? = 0
configure:13981: result: yes
configure:14004: checking if linker accepts '-no-undefined'
configure:14027: gcc -o conftest -g -O2 -Wall -Wextra -Wstrict-prototypes -Wno-unused-function -fno-common -fvisibility=hidden  -no-undefined  conftest.c  >&5
gcc: unrecognized option '-no-undefined'
conftest.c:30: warning: function declaration isn't a prototype
configure:14034: $? = 0
configure:14042: result: yes
configure:14160: checking for library containing getaddrinfo
configure:14201: gcc -o conftest -g -O2 -Wall -Wextra -Wstrict-prototypes -Wno-unused-function -fno-common -fvisibility=hidden   conftest.c  >&5
conftest.c:35: warning: function declaration isn't a prototype
conftest.c:38: warning: function declaration isn't a prototype
configure:14208: $? = 0
configure:14239: result: none required
configure:14321: checking for library containing socket
configure:14362: gcc -o conftest -g -O2 -Wall -Wextra -Wstrict-prototypes -Wno-unused-function -fno-common -fvisibility=hidden   conftest.c  >&5
conftest.c:35: warning: function declaration isn't a prototype
conftest.c:38: warning: function declaration isn't a prototype
configure:14369: $? = 0
configure:14400: result: none required
configure:14482: checking for library containing clock_gettime
configure:14523: gcc -o conftest -g -O2 -Wall -Wextra -Wstrict-prototypes -Wno-unused-function -fno-common -fvisibility=hidden   conftest.c  >&5
conftest.c:35: warning: function declaration isn't a prototype
conftest.c:38: warning: function declaration isn't a prototype
/tmp/ccdFr9WN.o: In function `main':
/opt/rabbitmq-c-0.8.0/conftest.c:39: undefined reference to `clock_gettime'
collect2: ld returned 1 exit status
configure:14530: $? = 1
configure: failed program was:
| /* confdefs.h.  */
| #define PACKAGE_NAME "rabbitmq-c"
| #define PACKAGE_TARNAME "rabbitmq-c"
| #define PACKAGE_VERSION "0.8.0"
| #define PACKAGE_STRING "rabbitmq-c 0.8.0"
| #define PACKAGE_BUGREPORT "https://github.com/alanxz/rabbitmq-c/issues"
| #define PACKAGE "rabbitmq-c"
| #define VERSION "0.8.0"
| #define STDC_HEADERS 1
| #define HAVE_SYS_TYPES_H 1
| #define HAVE_SYS_STAT_H 1
| #define HAVE_STDLIB_H 1
| #define HAVE_STRING_H 1
| #define HAVE_MEMORY_H 1
| #define HAVE_STRINGS_H 1
| #define HAVE_INTTYPES_H 1
| #define HAVE_STDINT_H 1
| #define HAVE_UNISTD_H 1
| #define __EXTENSIONS__ 1
| #define _ALL_SOURCE 1
| #define _GNU_SOURCE 1
| #define _POSIX_PTHREAD_SEMANTICS 1
| #define _TANDEM_SOURCE 1
| #define HAVE_DLFCN_H 1
| #define LT_OBJDIR ".libs/"
| #define ENABLE_THREAD_SAFETY 1
| /* end confdefs.h.  */
| 
| /* Override any GCC internal prototype to avoid an error.
|    Use char because int might match the return type of a GCC
|    builtin and then its argument prototype would still apply.  */
| #ifdef __cplusplus
| extern "C"
| #endif
| char clock_gettime ();
| int
| main ()
| {
| return clock_gettime ();
|   ;
|   return 0;
| }
configure:14523: gcc -o conftest -g -O2 -Wall -Wextra -Wstrict-prototypes -Wno-unused-function -fno-common -fvisibility=hidden   conftest.c -lrt   >&5
conftest.c:35: warning: function declaration isn't a prototype
conftest.c:38: warning: function declaration isn't a prototype
configure:14530: $? = 0
configure:14561: result: -lrt
configure:14569: checking for library containing posix_spawnp
configure:14610: gcc -o conftest -g -O2 -Wall -Wextra -Wstrict-prototypes -Wno-unused-function -fno-common -fvisibility=hidden   conftest.c -lrt  >&5
conftest.c:35: warning: function declaration isn't a prototype
conftest.c:38: warning: function declaration isn't a prototype
configure:14617: $? = 0
configure:14648: result: none required
configure:14656: checking if htonll is defined
configure:14685: gcc -o conftest -g -O2 -Wall -Wextra -Wstrict-prototypes -Wno-unused-function -fno-common -fvisibility=hidden   conftest.c -lrt  >&5
conftest.c:33: warning: function declaration isn't a prototype
conftest.c: In function 'main':
conftest.c:35: warning: implicit declaration of function 'htonll'
/tmp/cccKPi7Y.o: In function `main':
/opt/rabbitmq-c-0.8.0/conftest.c:35: undefined reference to `htonll'
collect2: ld returned 1 exit status
configure:14692: $? = 1
configure: failed program was:
| /* confdefs.h.  */
| #define PACKAGE_NAME "rabbitmq-c"
| #define PACKAGE_TARNAME "rabbitmq-c"
| #define PACKAGE_VERSION "0.8.0"
| #define PACKAGE_STRING "rabbitmq-c 0.8.0"
| #define PACKAGE_BUGREPORT "https://github.com/alanxz/rabbitmq-c/issues"
| #define PACKAGE "rabbitmq-c"
| #define VERSION "0.8.0"
| #define STDC_HEADERS 1
| #define HAVE_SYS_TYPES_H 1
| #define HAVE_SYS_STAT_H 1
| #define HAVE_STDLIB_H 1
| #define HAVE_STRING_H 1
| #define HAVE_MEMORY_H 1
| #define HAVE_STRINGS_H 1
| #define HAVE_INTTYPES_H 1
| #define HAVE_STDINT_H 1
| #define HAVE_UNISTD_H 1
| #define __EXTENSIONS__ 1
| #define _ALL_SOURCE 1
| #define _GNU_SOURCE 1
| #define _POSIX_PTHREAD_SEMANTICS 1
| #define _TANDEM_SOURCE 1
| #define HAVE_DLFCN_H 1
| #define LT_OBJDIR ".libs/"
| #define ENABLE_THREAD_SAFETY 1
| /* end confdefs.h.  */
| 
|         #include <arpa/inet.h>
| 
| int
| main ()
| {
| 
|        return htonll(0);
| 
| 
|   ;
|   return 0;
| }
configure:14714: result: no
configure:14725: checking for poll(2)
configure:14751: gcc -o conftest -g -O2 -Wall -Wextra -Wstrict-prototypes -Wno-unused-function -fno-common -fvisibility=hidden   conftest.c -lrt  >&5
conftest.c:31: warning: function declaration isn't a prototype
configure:14758: $? = 0
configure:14780: result: yes
configure:14882: checking for SSL
configure:14889: $PKG_CONFIG --exists --print-errors "openssl >= 0.9.8"
configure:14892: $? = 0
configure:14905: $PKG_CONFIG --exists --print-errors "openssl >= 0.9.8"
configure:14908: $? = 0
configure:14943: result: yes
configure:15001: checking for popt.h
configure:15022: gcc -c -g -O2 -Wall -Wextra -Wstrict-prototypes -Wno-unused-function -fno-common -fvisibility=hidden  conftest.c >&5
configure:15029: $? = 0
configure:15046: result: yes
configure:15060: checking for poptGetContext in -lpopt
configure:15095: gcc -o conftest -g -O2 -Wall -Wextra -Wstrict-prototypes -Wno-unused-function -fno-common -fvisibility=hidden   conftest.c -lpopt  -lrt  >&5
conftest.c:38: warning: function declaration isn't a prototype
conftest.c:41: warning: function declaration isn't a prototype
configure:15102: $? = 0
configure:15123: result: yes
configure:15243: checking for xmlto
configure:15259: found /usr/bin/xmlto
configure:15270: result: xmlto
configure:15517: creating ./config.status

## ---------------------- ##
## Running config.status. ##
## ---------------------- ##

This file was extended by rabbitmq-c config.status 0.8.0, which was
generated by GNU Autoconf 2.63.  Invocation command line was

  CONFIG_FILES    = 
  CONFIG_HEADERS  = 
  CONFIG_LINKS    = 
  CONFIG_COMMANDS = 
  $ ./config.status 

on jason-3

config.status:1043: creating librabbitmq.pc
config.status:1043: creating Makefile
config.status:1043: creating config.h
config.status:1265: config.h is unchanged
config.status:1317: executing depfiles commands
config.status:1317: executing libtool commands
configure:17775: result:
rabbitmq-c build options:
    Host: x86_64-unknown-linux-gnu
    Version: 0.8.0
    SSL/TLS: openssl
    Tools: yes
    Documentation: yes
    Examples: yes


## ---------------- ##
## Cache variables. ##
## ---------------- ##

ac_cv_build=x86_64-unknown-linux-gnu
ac_cv_c_compiler_gnu=yes
ac_cv_c_inline=inline
ac_cv_env_CC_set=
ac_cv_env_CC_value=
ac_cv_env_CFLAGS_set=
ac_cv_env_CFLAGS_value=
ac_cv_env_CPPFLAGS_set=
ac_cv_env_CPPFLAGS_value=
ac_cv_env_CPP_set=
ac_cv_env_CPP_value=
ac_cv_env_LDFLAGS_set=
ac_cv_env_LDFLAGS_value=
ac_cv_env_LIBS_set=
ac_cv_env_LIBS_value=
ac_cv_env_PKG_CONFIG_set=
ac_cv_env_PKG_CONFIG_value=
ac_cv_env_POPT_CFLAGS_set=
ac_cv_env_POPT_CFLAGS_value=
ac_cv_env_POPT_LIBS_set=
ac_cv_env_POPT_LIBS_value=
ac_cv_env_SSL_CFLAGS_set=
ac_cv_env_SSL_CFLAGS_value=
ac_cv_env_SSL_LIBS_set=
ac_cv_env_SSL_LIBS_value=
ac_cv_env_XMLTO_set=
ac_cv_env_XMLTO_value=
ac_cv_env_build_alias_set=
ac_cv_env_build_alias_value=
ac_cv_env_host_alias_set=
ac_cv_env_host_alias_value=
ac_cv_env_target_alias_set=
ac_cv_env_target_alias_value=
ac_cv_header_dlfcn_h=yes
ac_cv_header_inttypes_h=yes
ac_cv_header_memory_h=yes
ac_cv_header_minix_config_h=no
ac_cv_header_popt_h=yes
ac_cv_header_stdc=yes
ac_cv_header_stdint_h=yes
ac_cv_header_stdlib_h=yes
ac_cv_header_string_h=yes
ac_cv_header_strings_h=yes
ac_cv_header_sys_stat_h=yes
ac_cv_header_sys_types_h=yes
ac_cv_header_unistd_h=yes
ac_cv_host=x86_64-unknown-linux-gnu
ac_cv_lib_popt_poptGetContext=yes
ac_cv_objext=o
ac_cv_path_EGREP='/bin/grep -E'
ac_cv_path_FGREP='/bin/grep -F'
ac_cv_path_GREP=/bin/grep
ac_cv_path_SED=/bin/sed
ac_cv_path_ac_pt_PKG_CONFIG=/usr/bin/pkg-config
ac_cv_path_install='/usr/bin/install -c'
ac_cv_path_mkdir=/bin/mkdir
ac_cv_prog_AWK=gawk
ac_cv_prog_CPP='gcc -E'
ac_cv_prog_XMLTO=xmlto
ac_cv_prog_ac_ct_AR=ar
ac_cv_prog_ac_ct_CC=gcc
ac_cv_prog_ac_ct_OBJDUMP=objdump
ac_cv_prog_ac_ct_RANLIB=ranlib
ac_cv_prog_ac_ct_STRIP=strip
ac_cv_prog_cc_c89=
ac_cv_prog_cc_g=yes
ac_cv_prog_make_make_set=yes
ac_cv_safe_to_define___extensions__=yes
ac_cv_search_clock_gettime=-lrt
ac_cv_search_getaddrinfo='none required'
ac_cv_search_posix_spawnp='none required'
ac_cv_search_socket='none required'
am_cv_CC_dependencies_compiler_type=gcc3
ax_cv_have_poll=yes
ax_cv_have_popt=yes
lt_cv_ar_at_file=@
lt_cv_archive_cmds_need_lc=no
lt_cv_deplibs_check_method=pass_all
lt_cv_file_magic_cmd='$MAGIC_CMD'
lt_cv_file_magic_test_file=
lt_cv_ld_reload_flag=-r
lt_cv_nm_interface='BSD nm'
lt_cv_objdir=.libs
lt_cv_path_LD=/usr/bin/ld
lt_cv_path_NM='/usr/bin/nm -B'
lt_cv_path_mainfest_tool=no
lt_cv_prog_compiler_c_o=yes
lt_cv_prog_compiler_pic='-fPIC -DPIC'
lt_cv_prog_compiler_pic_works=yes
lt_cv_prog_compiler_rtti_exceptions=no
lt_cv_prog_compiler_static_works=no
lt_cv_prog_gnu_ld=yes
lt_cv_sharedlib_from_linklib_cmd='printf %s\n'
lt_cv_shlibpath_overrides_runpath=no
lt_cv_sys_global_symbol_pipe='sed -n -e '\''s/^.*[	 ]\([ABCDGIRSTW][ABCDGIRSTW]*\)[	 ][	 ]*\([_A-Za-z][_A-Za-z0-9]*\)$/\1 \2 \2/p'\'' | sed '\''/ __gnu_lto/d'\'''
lt_cv_sys_global_symbol_to_c_name_address='sed -n -e '\''s/^: \([^ ]*\)[ ]*$/  {\"\1\", (void *) 0},/p'\'' -e '\''s/^[ABCDGIRSTW]* \([^ ]*\) \([^ ]*\)$/  {"\2", (void *) \&\2},/p'\'''
lt_cv_sys_global_symbol_to_c_name_address_lib_prefix='sed -n -e '\''s/^: \([^ ]*\)[ ]*$/  {\"\1\", (void *) 0},/p'\'' -e '\''s/^[ABCDGIRSTW]* \([^ ]*\) \(lib[^ ]*\)$/  {"\2", (void *) \&\2},/p'\'' -e '\''s/^[ABCDGIRSTW]* \([^ ]*\) \([^ ]*\)$/  {"lib\2", (void *) \&\2},/p'\'''
lt_cv_sys_global_symbol_to_cdecl='sed -n -e '\''s/^T .* \(.*\)$/extern int \1();/p'\'' -e '\''s/^[ABCDGIRSTW]* .* \(.*\)$/extern char \1;/p'\'''
lt_cv_sys_max_cmd_len=1966080
lt_cv_to_host_file_cmd=func_convert_file_noop
lt_cv_to_tool_file_cmd=func_convert_file_noop
pkg_cv_SSL_CFLAGS=' '
pkg_cv_SSL_LIBS='-lssl -lcrypto  '

## ----------------- ##
## Output variables. ##
## ----------------- ##

ACLOCAL='${SHELL} /opt/rabbitmq-c-0.8.0/missing --run aclocal-1.11'
AMDEPBACKSLASH='\'
AMDEP_FALSE='#'
AMDEP_TRUE=''
AMTAR='${SHELL} /opt/rabbitmq-c-0.8.0/missing --run tar'
AM_BACKSLASH='\'
AM_DEFAULT_VERBOSITY='0'
AR='ar'
AS='as'
AUTOCONF='${SHELL} /opt/rabbitmq-c-0.8.0/missing --run autoconf'
AUTOHEADER='${SHELL} /opt/rabbitmq-c-0.8.0/missing --run autoheader'
AUTOMAKE='${SHELL} /opt/rabbitmq-c-0.8.0/missing --run automake-1.11'
AWK='gawk'
CC='gcc'
CCDEPMODE='depmode=gcc3'
CFLAGS='-g -O2 -Wall -Wextra -Wstrict-prototypes -Wno-unused-function -fno-common -fvisibility=hidden'
CPP='gcc -E'
CPPFLAGS=''
CYGPATH_W='echo'
DEFS='-DHAVE_CONFIG_H'
DEPDIR='.deps'
DLLTOOL='false'
DOCS_FALSE='#'
DOCS_TRUE=''
DSYMUTIL=''
DUMPBIN=''
ECHO_C=''
ECHO_N='-n'
ECHO_T=''
EGREP='/bin/grep -E'
EXAMPLES_FALSE='#'
EXAMPLES_TRUE=''
EXEEXT=''
FGREP='/bin/grep -F'
GREP='/bin/grep'
INSTALL_DATA='${INSTALL} -m 644'
INSTALL_PROGRAM='${INSTALL}'
INSTALL_SCRIPT='${INSTALL}'
INSTALL_STRIP_PROGRAM='$(install_sh) -c -s'
LD='/usr/bin/ld -m elf_x86_64'
LDFLAGS=''
LIBOBJS=''
LIBS='-lrt '
LIBTOOL='$(SHELL) $(top_builddir)/libtool'
LIPO=''
LN_S='ln -s'
LTLIBOBJS=''
LT_AGE='2'
LT_CURRENT='6'
LT_REVISION='0'
MAKEINFO='${SHELL} /opt/rabbitmq-c-0.8.0/missing --run makeinfo'
MANIFEST_TOOL=':'
MKDIR_P='/bin/mkdir -p'
NM='/usr/bin/nm -B'
NMEDIT=''
NO_UNDEFINED='-no-undefined'
OBJDUMP='objdump'
OBJEXT='o'
OS_APPLE_FALSE=''
OS_APPLE_TRUE='#'
OS_UNIX_FALSE='#'
OS_UNIX_TRUE=''
OS_WIN32_FALSE=''
OS_WIN32_TRUE='#'
OTOOL64=''
OTOOL=''
PACKAGE='rabbitmq-c'
PACKAGE_BUGREPORT='https://github.com/alanxz/rabbitmq-c/issues'
PACKAGE_NAME='rabbitmq-c'
PACKAGE_STRING='rabbitmq-c 0.8.0'
PACKAGE_TARNAME='rabbitmq-c'
PACKAGE_VERSION='0.8.0'
PATH_SEPARATOR=':'
PKG_CONFIG='/usr/bin/pkg-config'
POPT_CFLAGS=''
POPT_LIBS='-lpopt'
RANLIB='ranlib'
SED='/bin/sed'
SET_MAKE=''
SHELL='/bin/sh'
SSL_CFLAGS=' '
SSL_FALSE='#'
SSL_LIBS='-lssl -lcrypto  '
SSL_OPENSSL_FALSE='#'
SSL_OPENSSL_TRUE=''
SSL_TRUE=''
STRIP='strip'
TOOLS_FALSE='#'
TOOLS_TRUE=''
VERSION='0.8.0'
XMLTO='xmlto'
ac_ct_AR='ar'
ac_ct_CC='gcc'
ac_ct_DUMPBIN=''
am__EXEEXT_FALSE=''
am__EXEEXT_TRUE='#'
am__fastdepCC_FALSE='#'
am__fastdepCC_TRUE=''
am__include='include'
am__isrc=''
am__leading_dot='.'
am__quote=''
am__tar='${AMTAR} chof - "$$tardir"'
am__untar='${AMTAR} xf -'
bindir='${exec_prefix}/bin'
build='x86_64-unknown-linux-gnu'
build_alias=''
build_cpu='x86_64'
build_os='linux-gnu'
build_vendor='unknown'
datadir='${datarootdir}'
datarootdir='${prefix}/share'
docdir='${datarootdir}/doc/${PACKAGE_TARNAME}'
dvidir='${docdir}'
exec_prefix='${prefix}'
host='x86_64-unknown-linux-gnu'
host_alias=''
host_cpu='x86_64'
host_os='linux-gnu'
host_vendor='unknown'
htmldir='${docdir}'
includedir='${prefix}/include'
infodir='${datarootdir}/info'
install_sh='${SHELL} /opt/rabbitmq-c-0.8.0/install-sh'
libdir='${exec_prefix}/lib'
libexecdir='${exec_prefix}/libexec'
libs_private='-lrt '
localedir='${datarootdir}/locale'
localstatedir='${prefix}/var'
mandir='${datarootdir}/man'
mkdir_p='/bin/mkdir -p'
oldincludedir='/usr/include'
pdfdir='${docdir}'
prefix='/usr/local'
program_transform_name='s,x,x,'
psdir='${docdir}'
requires_private='openssl'
sbindir='${exec_prefix}/sbin'
sharedstatedir='${prefix}/com'
sysconfdir='${prefix}/etc'
target_alias=''

## ----------- ##
## confdefs.h. ##
## ----------- ##

#define PACKAGE_NAME "rabbitmq-c"
#define PACKAGE_TARNAME "rabbitmq-c"
#define PACKAGE_VERSION "0.8.0"
#define PACKAGE_STRING "rabbitmq-c 0.8.0"
#define PACKAGE_BUGREPORT "https://github.com/alanxz/rabbitmq-c/issues"
#define PACKAGE "rabbitmq-c"
#define VERSION "0.8.0"
#define STDC_HEADERS 1
#define HAVE_SYS_TYPES_H 1
#define HAVE_SYS_STAT_H 1
#define HAVE_STDLIB_H 1
#define HAVE_STRING_H 1
#define HAVE_MEMORY_H 1
#define HAVE_STRINGS_H 1
#define HAVE_INTTYPES_H 1
#define HAVE_STDINT_H 1
#define HAVE_UNISTD_H 1
#define __EXTENSIONS__ 1
#define _ALL_SOURCE 1
#define _GNU_SOURCE 1
#define _POSIX_PTHREAD_SEMANTICS 1
#define _TANDEM_SOURCE 1
#define HAVE_DLFCN_H 1
#define LT_OBJDIR ".libs/"
#define ENABLE_THREAD_SAFETY 1
#define HAVE_POLL /**/
#define WITH_SSL 1
#define HAVE_POPT_H 1
#define HAVE_POPT 1
#define AMQ_PLATFORM "linux-gnu"

configure: exit 0
